Using pre-set license
Built from '2020.2/release' branch; Version is '2020.2.1f1 (270dd8c3da1c) revision 2559448'; Using compiler version '192528614'; Build Type 'Release'
OS: 'Windows 10  (10.0.0) 64bit' Language: 'pt' Physical Memory: 16244 MB
BatchMode: 1, IsHumanControllingUs: 0, StartBugReporterOnCrash: 0, Is64bit: 1, IsPro: 0

 COMMAND LINE ARGUMENTS:
C:\Program Files (x86)\2020.2.1f1\Editor\Unity.exe
-adb2
-batchMode
-noUpm
-name
AssetImportWorker1
-projectPath
D:/Arquivos/Documentos/Udemy/Unity 2D/Repos/Unity 2D/Cartilha
-logFile
Logs/AssetImportWorker1.log
-srvPort
25021
Successfully changed project path to: D:/Arquivos/Documentos/Udemy/Unity 2D/Repos/Unity 2D/Cartilha
D:/Arquivos/Documentos/Udemy/Unity 2D/Repos/Unity 2D/Cartilha
Using Asset Import Pipeline V2.
Refreshing native plugins compatible for Editor in 96.50 ms, found 1 plugins.
Preloading 0 native plugins for Editor in 0.00 ms.
Initialize engine version: 2020.2.1f1 (270dd8c3da1c)
[Subsystems] Discovering subsystems at path C:/Program Files (x86)/2020.2.1f1/Editor/Data/Resources/UnitySubsystems
[Subsystems] Discovering subsystems at path D:/Arquivos/Documentos/Udemy/Unity 2D/Repos/Unity 2D/Cartilha/Assets
GfxDevice: creating device client; threaded=0
Direct3D:
    Version:  Direct3D 11.0 [level 11.1]
    Renderer: NVIDIA GeForce GTX 1060 (ID=0x1c20)
    Vendor:   
    VRAM:     6052 MB
    Driver:   27.21.14.6109
Initialize mono
Mono path[0] = 'C:/Program Files (x86)/2020.2.1f1/Editor/Data/Managed'
Mono path[1] = 'C:/Program Files (x86)/2020.2.1f1/Editor/Data/MonoBleedingEdge/lib/mono/unityjit'
Mono config path = 'C:/Program Files (x86)/2020.2.1f1/Editor/Data/MonoBleedingEdge/etc'
Using monoOptions --debugger-agent=transport=dt_socket,embedding=1,server=y,suspend=n,address=127.0.0.1:56892
Begin MonoManager ReloadAssembly
Registering precompiled unity dll's ...
Register platform support module: C:/Program Files (x86)/2020.2.1f1/Editor/Data/PlaybackEngines/WebGLSupport/UnityEditor.WebGL.Extensions.dll
Register platform support module: C:/Program Files (x86)/2020.2.1f1/Editor/Data/PlaybackEngines/WindowsStandaloneSupport/UnityEditor.WindowsStandalone.Extensions.dll
Registered in 0.018294 seconds.
Native extension for WindowsStandalone target not found
Native extension for WebGL target not found
Refreshing native plugins compatible for Editor in 52.11 ms, found 1 plugins.
Preloading 0 native plugins for Editor in 0.00 ms.
Invoked RoslynAnalysisRunner static constructor.
RoslynAnalysisRunner will not be running.
RoslynAnalysisRunner has terminated.
Mono: successfully reloaded assembly
- Completed reload, in 10.063 seconds
Platform modules already initialized, skipping
Registering precompiled user dll's ...
Registered in 0.018107 seconds.
Begin MonoManager ReloadAssembly
Native extension for WindowsStandalone target not found
Native extension for WebGL target not found
Refreshing native plugins compatible for Editor in 58.80 ms, found 1 plugins.
Preloading 0 native plugins for Editor in 0.00 ms.
Invoked RoslynAnalysisRunner static constructor.
RoslynAnalysisRunner will not be running.
RoslynAnalysisRunner has terminated.
Find all reader and writers took 187 milliseconds
Script Module: UnityEngine.UI.dll
Weave behaviours and messages took93 milliseconds
Find all reader and writers took 166 milliseconds
Script Module: UnityEngine.TestRunner.dll
Weave behaviours and messages took21 milliseconds
Find all reader and writers took 163 milliseconds
Script Module: Unity.Mathematics.dll
Weave behaviours and messages took184 milliseconds
Find all reader and writers took 148 milliseconds
Script Module: Unity.2D.Animation.Triangle.Runtime.dll
Weave behaviours and messages took32 milliseconds
Find all reader and writers took 154 milliseconds
Script Module: SimpleWebTransport.dll
Weave behaviours and messages took5 milliseconds
Find all reader and writers took 167 milliseconds
Script Module: Unity.Timeline.dll
Weave behaviours and messages took28 milliseconds
Find all reader and writers took 171 milliseconds
Script Module: Mirror.Examples.dll
[Projectile] NetworkBehaviourProcessor
[Tank] NetworkBehaviourProcessor
[NetworkRoomPlayer] NetworkBehaviourProcessor
[NetworkRoomPlayerExt] NetworkBehaviourProcessor
[PlayerController] NetworkBehaviourProcessor
[PlayerScore] NetworkBehaviourProcessor
[RandomColor] NetworkBehaviourProcessor
[Reward] NetworkBehaviourProcessor
[AddForce] NetworkBehaviourProcessor
[Ball] NetworkBehaviourProcessor
[Player] NetworkBehaviourProcessor
[MatchController] NetworkBehaviourProcessor
[PhysicsCollision] NetworkBehaviourProcessor
[PlayerController] NetworkBehaviourProcessor
[PlayerScore] NetworkBehaviourProcessor
[RandomColor] NetworkBehaviourProcessor
[Reward] NetworkBehaviourProcessor
[Player] NetworkBehaviourProcessor
[MonsterMovement] NetworkBehaviourProcessor
[PlayerMovement] NetworkBehaviourProcessor
[Player] NetworkBehaviourProcessor
[PlayerController] NetworkBehaviourProcessor
[RandomColor] NetworkBehaviourProcessor
[ShootingTankBehaviour] NetworkBehaviourProcessor
Weave behaviours and messages took40 milliseconds
  ProcessSitesModule Mirror.Examples.dll elapsed time:00:00:00.0109706
Find all reader and writers took 168 milliseconds
Script Module: Mirror.Components.dll
[NetworkAnimator] NetworkBehaviourProcessor
[NetworkRoomPlayer] NetworkBehaviourProcessor
[NetworkLobbyPlayer] NetworkBehaviourProcessor
[NetworkVisibility] NetworkBehaviourProcessor
[NetworkVisibility] Found NetworkBehaviour Mirror.NetworkVisibility
[NetworkVisibility] Process Start
[NetworkVisibility]   GenerateSerialization
[NetworkVisibility]   GenerateDeSerialization
[NetworkVisibility] Process Done
[NetworkMatchChecker] NetworkBehaviourProcessor
[NetworkVisibility] NetworkBehaviourProcessor
[NetworkProximityChecker] NetworkBehaviourProcessor
[NetworkRoomPlayer] NetworkBehaviourProcessor
[NetworkVisibility] NetworkBehaviourProcessor
[NetworkSceneChecker] NetworkBehaviourProcessor
[NetworkTransformBase] NetworkBehaviourProcessor
[NetworkTransform] NetworkBehaviourProcessor
[NetworkTransformBase] NetworkBehaviourProcessor
[NetworkTransformBase] NetworkBehaviourProcessor
[NetworkTransformChild] NetworkBehaviourProcessor
[NetworkLerpRigidbody] NetworkBehaviourProcessor
[NetworkRigidbody] NetworkBehaviourProcessor
[NetworkRigidbody2D] NetworkBehaviourProcessor
[NetworkTransformBase] NetworkBehaviourProcessor
[NetworkTransform] NetworkBehaviourProcessor
[NetworkTransformBase] NetworkBehaviourProcessor
[NetworkTransformBase] NetworkBehaviourProcessor
[NetworkTransformChild] NetworkBehaviourProcessor
Weave behaviours and messages took56 milliseconds
  ProcessSitesModule Mirror.Components.dll elapsed time:00:00:00.0019924
Find all reader and writers took 187 milliseconds
Script Module: Unity.TextMeshPro.dll
Weave behaviours and messages took88 milliseconds
Find all reader and writers took 154 milliseconds
Script Module: Unity.2D.Animation.Runtime.dll
Weave behaviours and messages took8 milliseconds
Find all reader and writers took 157 milliseconds
Script Module: Unity.2D.IK.Runtime.dll
Weave behaviours and messages took3 milliseconds
Find all reader and writers took 158 milliseconds
Script Module: Unity.2D.SpriteShape.Runtime.dll
Weave behaviours and messages took32 milliseconds
Find all reader and writers took 148 milliseconds
Script Module: Telepathy.dll
Weave behaviours and messages took3 milliseconds
Find all reader and writers took 161 milliseconds
Script Module: Mirror.Authenticators.dll
Weave behaviours and messages took16 milliseconds
  ProcessSitesModule Mirror.Authenticators.dll elapsed time:00:00:00.0009872
Find all reader and writers took 158 milliseconds
Script Module: Unity.2D.PixelPerfect.dll
Weave behaviours and messages took3 milliseconds
Find all reader and writers took 159 milliseconds
Script Module: Mirror.Examples.Cloud.GUI.dll
Weave behaviours and messages took7 milliseconds
Find all reader and writers took 163 milliseconds
Script Module: Mirror.Cloud.dll
Weave behaviours and messages took5 milliseconds
Find all reader and writers took 149 milliseconds
Script Module: kcp2k.dll
Weave behaviours and messages took5 milliseconds
Find all reader and writers took 158 milliseconds
Script Module: Assembly-CSharp.dll
[MatchManager] NetworkBehaviourProcessor
[Player] NetworkBehaviourProcessor
Weave behaviours and messages took13 milliseconds
  ProcessSitesModule Assembly-CSharp.dll elapsed time:00:00:00.0009626
Find all reader and writers took 170 milliseconds
Script Module: Mirror.Examples.Cloud.Pong.dll
[Ball] NetworkBehaviourProcessor
[BallManager] NetworkBehaviourProcessor
[Player] NetworkBehaviourProcessor
Weave behaviours and messages took13 milliseconds
  ProcessSitesModule Mirror.Examples.Cloud.Pong.dll elapsed time:00:00:00.0009957
Find all reader and writers took 155 milliseconds
Script Module: Unity.2D.Common.Runtime.dll
Weave behaviours and messages took0 milliseconds
Find all reader and writers took 156 milliseconds
Script Module: Unity.InternalAPIEngineBridge.001.dll
Weave behaviours and messages took0 milliseconds
Find all reader and writers took 206 milliseconds
Script Module: UnityEditor.TestRunner.dll
Weave behaviours and messages took39 milliseconds
Find all reader and writers took 200 milliseconds
Script Module: UnityEditor.UI.dll
Weave behaviours and messages took13 milliseconds
Find all reader and writers took 167 milliseconds
Script Module: PsdPlugin.dll
Weave behaviours and messages took15 milliseconds
Find all reader and writers took 176 milliseconds
Script Module: Mirror.CompilerSymbols.dll
Weave behaviours and messages took0 milliseconds
Find all reader and writers took 195 milliseconds
Script Module: Unity.InternalAPIEditorBridge.001.dll
Weave behaviours and messages took0 milliseconds
Mono: successfully reloaded assembly
- Completed reload, in 13.909 seconds
Platform modules already initialized, skipping
========================================================================
Worker process is ready to serve import requests
Launched and connected shader compiler UnityShaderCompiler.exe after 0.17 seconds
Refreshing native plugins compatible for Editor in 0.44 ms, found 1 plugins.
Preloading 0 native plugins for Editor in 0.00 ms.
Unloading 2035 Unused Serialized files (Serialized files now loaded: 0)
System memory in use before: 93.6 MB.
System memory in use after: 93.7 MB.

Unloading 24 unused Assets to reduce memory usage. Loaded Objects now: 2479.
Total: 3.336100 ms (FindLiveObjects: 0.209200 ms CreateObjectMapping: 0.064300 ms MarkObjects: 2.964100 ms  DeleteObjects: 0.097200 ms)

========================================================================
Received Import Request.
  path: Assets/Scripts/CartilhaOnline.cs
  artifactKey: Guid(2b26ce778b7bc4e4d9170a47f9a2d80e) Importer(815301076,1909f56bfc062723c751e8b465ee728b)
Start importing Assets/Scripts/CartilhaOnline.cs using Guid(2b26ce778b7bc4e4d9170a47f9a2d80e) Importer(815301076,1909f56bfc062723c751e8b465ee728b)  -> (artifact id: 'da1b82af63e141861baea3a0a52af8bb') in 0.060322 seconds
  Import took 0.166328 seconds .

========================================================================
Received Prepare
Registering precompiled user dll's ...
Registered in 0.016433 seconds.
Begin MonoManager ReloadAssembly
Native extension for WindowsStandalone target not found
Native extension for WebGL target not found
Refreshing native plugins compatible for Editor in 0.45 ms, found 1 plugins.
Preloading 0 native plugins for Editor in 0.00 ms.
Invoked RoslynAnalysisRunner static constructor.
RoslynAnalysisRunner will not be running.
RoslynAnalysisRunner has terminated.
Mono: successfully reloaded assembly
- Completed reload, in  1.798 seconds
Platform modules already initialized, skipping
Refreshing native plugins compatible for Editor in 0.49 ms, found 1 plugins.
Preloading 0 native plugins for Editor in 0.00 ms.
Unloading 2012 Unused Serialized files (Serialized files now loaded: 0)
System memory in use before: 92.5 MB.
System memory in use after: 92.6 MB.

Unloading 13 unused Assets to reduce memory usage. Loaded Objects now: 2481.
Total: 2.327000 ms (FindLiveObjects: 0.206500 ms CreateObjectMapping: 0.087100 ms MarkObjects: 2.011100 ms  DeleteObjects: 0.021100 ms)

========================================================================
Received Prepare
Registering precompiled user dll's ...
Registered in 0.020657 seconds.
Begin MonoManager ReloadAssembly
Native extension for WindowsStandalone target not found
Native extension for WebGL target not found
Refreshing native plugins compatible for Editor in 0.70 ms, found 1 plugins.
Preloading 0 native plugins for Editor in 0.00 ms.
Invoked RoslynAnalysisRunner static constructor.
RoslynAnalysisRunner will not be running.
RoslynAnalysisRunner has terminated.
Mono: successfully reloaded assembly
- Completed reload, in  1.692 seconds
Platform modules already initialized, skipping
Refreshing native plugins compatible for Editor in 0.47 ms, found 1 plugins.
Preloading 0 native plugins for Editor in 0.00 ms.
Unloading 2012 Unused Serialized files (Serialized files now loaded: 0)
System memory in use before: 92.8 MB.
System memory in use after: 92.9 MB.

Unloading 13 unused Assets to reduce memory usage. Loaded Objects now: 2483.
Total: 2.240200 ms (FindLiveObjects: 0.211800 ms CreateObjectMapping: 0.075000 ms MarkObjects: 1.935500 ms  DeleteObjects: 0.017200 ms)

========================================================================
Received Prepare
Registering precompiled user dll's ...
Registered in 0.017800 seconds.
Begin MonoManager ReloadAssembly
Native extension for WindowsStandalone target not found
Native extension for WebGL target not found
Refreshing native plugins compatible for Editor in 0.51 ms, found 1 plugins.
Preloading 0 native plugins for Editor in 0.00 ms.
Invoked RoslynAnalysisRunner static constructor.
RoslynAnalysisRunner will not be running.
RoslynAnalysisRunner has terminated.
Mono: successfully reloaded assembly
- Completed reload, in  1.646 seconds
Platform modules already initialized, skipping
Refreshing native plugins compatible for Editor in 0.68 ms, found 1 plugins.
Preloading 0 native plugins for Editor in 0.00 ms.
Unloading 2012 Unused Serialized files (Serialized files now loaded: 0)
System memory in use before: 93.0 MB.
System memory in use after: 93.1 MB.

Unloading 13 unused Assets to reduce memory usage. Loaded Objects now: 2485.
Total: 2.222600 ms (FindLiveObjects: 0.212800 ms CreateObjectMapping: 0.085700 ms MarkObjects: 1.905700 ms  DeleteObjects: 0.017400 ms)

========================================================================
Received Prepare
Registering precompiled user dll's ...
Registered in 0.019467 seconds.
Begin MonoManager ReloadAssembly
Native extension for WindowsStandalone target not found
Native extension for WebGL target not found
Refreshing native plugins compatible for Editor in 0.91 ms, found 1 plugins.
Preloading 0 native plugins for Editor in 0.00 ms.
Invoked RoslynAnalysisRunner static constructor.
RoslynAnalysisRunner will not be running.
RoslynAnalysisRunner has terminated.
Mono: successfully reloaded assembly
- Completed reload, in  1.653 seconds
Platform modules already initialized, skipping
Refreshing native plugins compatible for Editor in 0.49 ms, found 1 plugins.
Preloading 0 native plugins for Editor in 0.00 ms.
Unloading 2012 Unused Serialized files (Serialized files now loaded: 0)
System memory in use before: 93.2 MB.
System memory in use after: 93.3 MB.

Unloading 13 unused Assets to reduce memory usage. Loaded Objects now: 2487.
Total: 2.178700 ms (FindLiveObjects: 0.213500 ms CreateObjectMapping: 0.125300 ms MarkObjects: 1.821200 ms  DeleteObjects: 0.017600 ms)

========================================================================
Received Import Request.
  Time since last request: 1668.679165 seconds.
  path: Assets/Scenes/Online.unity
  artifactKey: Guid(00693d29d364ccb4d899ac962dae24e8) Importer(815301076,1909f56bfc062723c751e8b465ee728b)
Start importing Assets/Scenes/Online.unity using Guid(00693d29d364ccb4d899ac962dae24e8) Importer(815301076,1909f56bfc062723c751e8b465ee728b)  -> (artifact id: 'f163d6ec9af5e491e9cfe957cd7dc5ac') in 0.027130 seconds
  Import took 0.164992 seconds .

========================================================================
Received Prepare
Registering precompiled user dll's ...
Registered in 0.021451 seconds.
Begin MonoManager ReloadAssembly
Native extension for WindowsStandalone target not found
Native extension for WebGL target not found
Refreshing native plugins compatible for Editor in 0.72 ms, found 1 plugins.
Preloading 0 native plugins for Editor in 0.00 ms.
Invoked RoslynAnalysisRunner static constructor.
RoslynAnalysisRunner will not be running.
RoslynAnalysisRunner has terminated.
Mono: successfully reloaded assembly
- Completed reload, in  1.635 seconds
Platform modules already initialized, skipping
Refreshing native plugins compatible for Editor in 0.48 ms, found 1 plugins.
Preloading 0 native plugins for Editor in 0.00 ms.
Unloading 2012 Unused Serialized files (Serialized files now loaded: 0)
System memory in use before: 93.2 MB.
System memory in use after: 93.3 MB.

Unloading 13 unused Assets to reduce memory usage. Loaded Objects now: 2489.
Total: 2.422400 ms (FindLiveObjects: 0.299600 ms CreateObjectMapping: 0.161500 ms MarkObjects: 1.941300 ms  DeleteObjects: 0.019100 ms)

========================================================================
Received Import Request.
  Time since last request: 864.129203 seconds.
  path: Assets/Prefabs/Player.prefab
  artifactKey: Guid(60b65119831b05643a67f80badc27590) Importer(815301076,1909f56bfc062723c751e8b465ee728b)
Start importing Assets/Prefabs/Player.prefab using Guid(60b65119831b05643a67f80badc27590) Importer(815301076,1909f56bfc062723c751e8b465ee728b)  -> (artifact id: 'fa10135e1c802230578904df4c15eb27') in 0.235714 seconds
  Import took 0.257971 seconds .

========================================================================
Received Import Request.
  Time since last request: 9.108558 seconds.
  path: ProjectSettings/TagManager.asset
  artifactKey: Guid(00000000000000003000000000000000) Importer(815301076,1909f56bfc062723c751e8b465ee728b)
Start importing ProjectSettings/TagManager.asset using Guid(00000000000000003000000000000000) Importer(815301076,1909f56bfc062723c751e8b465ee728b)  -> (artifact id: 'a8cb8ee0fd7c76706d90fea0def09ae4') in 0.018267 seconds
  Import took 0.044928 seconds .

========================================================================
Received Import Request.
  Time since last request: 102.938943 seconds.
  path: Assets/Prefabs/Player.prefab
  artifactKey: Guid(60b65119831b05643a67f80badc27590) Importer(815301076,1909f56bfc062723c751e8b465ee728b)
Start importing Assets/Prefabs/Player.prefab using Guid(60b65119831b05643a67f80badc27590) Importer(815301076,1909f56bfc062723c751e8b465ee728b)  -> (artifact id: 'e95e519749d67b1c6c10c1fd9d9f5773') in 0.067965 seconds
  Import took 0.398734 seconds .

========================================================================
Received Prepare
Registering precompiled user dll's ...
Registered in 0.021417 seconds.
Begin MonoManager ReloadAssembly
Native extension for WindowsStandalone target not found
Native extension for WebGL target not found
Refreshing native plugins compatible for Editor in 0.71 ms, found 1 plugins.
Preloading 0 native plugins for Editor in 0.00 ms.
Invoked RoslynAnalysisRunner static constructor.
RoslynAnalysisRunner will not be running.
RoslynAnalysisRunner has terminated.
Mono: successfully reloaded assembly
- Completed reload, in  1.657 seconds
Platform modules already initialized, skipping
Refreshing native plugins compatible for Editor in 0.64 ms, found 1 plugins.
Preloading 0 native plugins for Editor in 0.00 ms.
Unloading 2012 Unused Serialized files (Serialized files now loaded: 0)
System memory in use before: 96.9 MB.
System memory in use after: 97.0 MB.

Unloading 14 unused Assets to reduce memory usage. Loaded Objects now: 2498.
Total: 2.792900 ms (FindLiveObjects: 0.263100 ms CreateObjectMapping: 0.074900 ms MarkObjects: 2.401800 ms  DeleteObjects: 0.051700 ms)

========================================================================
Received Prepare
Refreshing native plugins compatible for Editor in 15.59 ms, found 1 plugins.
Preloading 0 native plugins for Editor in 0.00 ms.
Unloading 10 Unused Serialized files (Serialized files now loaded: 0)
System memory in use before: 57.2 MB.
System memory in use after: 57.4 MB.

Unloading 10 unused Assets to reduce memory usage. Loaded Objects now: 2498.
Total: 2.397900 ms (FindLiveObjects: 0.198900 ms CreateObjectMapping: 0.070900 ms MarkObjects: 2.111100 ms  DeleteObjects: 0.016000 ms)

========================================================================
Received Prepare
Registering precompiled user dll's ...
Registered in 0.023121 seconds.
Begin MonoManager ReloadAssembly
Native extension for WindowsStandalone target not found
Native extension for WebGL target not found
Refreshing native plugins compatible for Editor in 0.71 ms, found 1 plugins.
Preloading 0 native plugins for Editor in 0.00 ms.
Invoked RoslynAnalysisRunner static constructor.
RoslynAnalysisRunner will not be running.
RoslynAnalysisRunner has terminated.
Mono: successfully reloaded assembly
- Completed reload, in  2.070 seconds
Platform modules already initialized, skipping
Refreshing native plugins compatible for Editor in 0.59 ms, found 1 plugins.
Preloading 0 native plugins for Editor in 0.00 ms.
Unloading 2012 Unused Serialized files (Serialized files now loaded: 0)
System memory in use before: 97.3 MB.
System memory in use after: 97.4 MB.

Unloading 13 unused Assets to reduce memory usage. Loaded Objects now: 2500.
Total: 2.875600 ms (FindLiveObjects: 0.381400 ms CreateObjectMapping: 0.161500 ms MarkObjects: 2.302000 ms  DeleteObjects: 0.028700 ms)

========================================================================
Received Import Request.
  Time since last request: 571.819642 seconds.
  path: Assets/Prefabs/Player.prefab
  artifactKey: Guid(60b65119831b05643a67f80badc27590) Importer(815301076,1909f56bfc062723c751e8b465ee728b)
Start importing Assets/Prefabs/Player.prefab using Guid(60b65119831b05643a67f80badc27590) Importer(815301076,1909f56bfc062723c751e8b465ee728b)  -> (artifact id: '06680d63d0e129016ffcada0011244a7') in 0.227267 seconds
  Import took 0.249670 seconds .

========================================================================
Received Import Request.
  Time since last request: 49.354162 seconds.
  path: Assets/Prefabs/Player.prefab
  artifactKey: Guid(60b65119831b05643a67f80badc27590) Importer(815301076,1909f56bfc062723c751e8b465ee728b)
Start importing Assets/Prefabs/Player.prefab using Guid(60b65119831b05643a67f80badc27590) Importer(815301076,1909f56bfc062723c751e8b465ee728b)  -> (artifact id: '97caeb7f728286087b8e1e5bd8cb488b') in 0.063737 seconds
  Import took 0.087058 seconds .

========================================================================
Received Import Request.
  Time since last request: 54.255634 seconds.
  path: Assets/Prefabs/Player.prefab
  artifactKey: Guid(60b65119831b05643a67f80badc27590) Importer(815301076,1909f56bfc062723c751e8b465ee728b)
Start importing Assets/Prefabs/Player.prefab using Guid(60b65119831b05643a67f80badc27590) Importer(815301076,1909f56bfc062723c751e8b465ee728b)  -> (artifact id: 'c55b366e446069f35ee05b2d554a9895') in 0.068513 seconds
  Import took 0.074305 seconds .

========================================================================
Received Import Request.
  Time since last request: 6.535067 seconds.
  path: Assets/Prefabs/Player.prefab
  artifactKey: Guid(60b65119831b05643a67f80badc27590) Importer(815301076,1909f56bfc062723c751e8b465ee728b)
Start importing Assets/Prefabs/Player.prefab using Guid(60b65119831b05643a67f80badc27590) Importer(815301076,1909f56bfc062723c751e8b465ee728b)  -> (artifact id: '988d21c772eb40d112a61f83c738ace1') in 0.058234 seconds
  Import took 0.063288 seconds .

========================================================================
Received Import Request.
  Time since last request: 3.454073 seconds.
  path: Assets/Prefabs/Player.prefab
  artifactKey: Guid(60b65119831b05643a67f80badc27590) Importer(815301076,1909f56bfc062723c751e8b465ee728b)
Start importing Assets/Prefabs/Player.prefab using Guid(60b65119831b05643a67f80badc27590) Importer(815301076,1909f56bfc062723c751e8b465ee728b)  -> (artifact id: 'ef236b92aa77504c2dd69c17a2e13d50') in 0.059757 seconds
  Import took 0.112672 seconds .

========================================================================
Received Import Request.
  Time since last request: 1.466106 seconds.
  path: Assets/Prefabs/Player.prefab
  artifactKey: Guid(60b65119831b05643a67f80badc27590) Importer(815301076,1909f56bfc062723c751e8b465ee728b)
Start importing Assets/Prefabs/Player.prefab using Guid(60b65119831b05643a67f80badc27590) Importer(815301076,1909f56bfc062723c751e8b465ee728b)  -> (artifact id: 'e3d564bd2d26f7e55f49d11458ba8667') in 0.060341 seconds
  Import took 0.093173 seconds .

========================================================================
Received Prepare
Registering precompiled user dll's ...
Registered in 0.017941 seconds.
Begin MonoManager ReloadAssembly
Native extension for WindowsStandalone target not found
Native extension for WebGL target not found
Refreshing native plugins compatible for Editor in 0.45 ms, found 1 plugins.
Preloading 0 native plugins for Editor in 0.00 ms.
Invoked RoslynAnalysisRunner static constructor.
RoslynAnalysisRunner will not be running.
RoslynAnalysisRunner has terminated.
Mono: successfully reloaded assembly
- Completed reload, in  1.677 seconds
Platform modules already initialized, skipping
Refreshing native plugins compatible for Editor in 0.46 ms, found 1 plugins.
Preloading 0 native plugins for Editor in 0.00 ms.
Unloading 2012 Unused Serialized files (Serialized files now loaded: 0)
System memory in use before: 97.5 MB.
System memory in use after: 97.6 MB.

Unloading 13 unused Assets to reduce memory usage. Loaded Objects now: 2503.
Total: 3.685300 ms (FindLiveObjects: 0.261800 ms CreateObjectMapping: 0.093600 ms MarkObjects: 3.306000 ms  DeleteObjects: 0.022000 ms)

========================================================================
Received Import Request.
  Time since last request: 50.244922 seconds.
  path: Assets/Prefabs/Player.prefab
  artifactKey: Guid(60b65119831b05643a67f80badc27590) Importer(815301076,1909f56bfc062723c751e8b465ee728b)
Start importing Assets/Prefabs/Player.prefab using Guid(60b65119831b05643a67f80badc27590) Importer(815301076,1909f56bfc062723c751e8b465ee728b)  -> (artifact id: 'fc4bcb7d3689e3a3c8fbc35339cd8f76') in 0.144990 seconds
  Import took 0.245189 seconds .

========================================================================
Received Import Request.
  Time since last request: 6.037162 seconds.
  path: Assets/Prefabs/Player.prefab
  artifactKey: Guid(60b65119831b05643a67f80badc27590) Importer(815301076,1909f56bfc062723c751e8b465ee728b)
Start importing Assets/Prefabs/Player.prefab using Guid(60b65119831b05643a67f80badc27590) Importer(815301076,1909f56bfc062723c751e8b465ee728b)  -> (artifact id: '50e1e565cb78fc2cfd995d1ae40a8e5b') in 0.060699 seconds
  Import took 0.076925 seconds .

========================================================================
Received Prepare
Registering precompiled user dll's ...
Registered in 0.018566 seconds.
Begin MonoManager ReloadAssembly
Native extension for WindowsStandalone target not found
Native extension for WebGL target not found
Refreshing native plugins compatible for Editor in 0.53 ms, found 1 plugins.
Preloading 0 native plugins for Editor in 0.00 ms.
Invoked RoslynAnalysisRunner static constructor.
RoslynAnalysisRunner will not be running.
RoslynAnalysisRunner has terminated.
Mono: successfully reloaded assembly
- Completed reload, in  1.895 seconds
Platform modules already initialized, skipping
Refreshing native plugins compatible for Editor in 0.82 ms, found 1 plugins.
Preloading 0 native plugins for Editor in 0.00 ms.
Unloading 2012 Unused Serialized files (Serialized files now loaded: 0)
System memory in use before: 97.6 MB.
System memory in use after: 97.7 MB.

Unloading 13 unused Assets to reduce memory usage. Loaded Objects now: 2506.
Total: 2.602600 ms (FindLiveObjects: 0.375200 ms CreateObjectMapping: 0.206100 ms MarkObjects: 1.999500 ms  DeleteObjects: 0.019800 ms)

========================================================================
Received Prepare
Registering precompiled user dll's ...
Registered in 0.017544 seconds.
Begin MonoManager ReloadAssembly
Native extension for WindowsStandalone target not found
Native extension for WebGL target not found
Refreshing native plugins compatible for Editor in 0.82 ms, found 1 plugins.
Preloading 0 native plugins for Editor in 0.00 ms.
Invoked RoslynAnalysisRunner static constructor.
RoslynAnalysisRunner will not be running.
RoslynAnalysisRunner has terminated.
Mono: successfully reloaded assembly
- Completed reload, in  1.637 seconds
Platform modules already initialized, skipping
Refreshing native plugins compatible for Editor in 0.54 ms, found 1 plugins.
Preloading 0 native plugins for Editor in 0.00 ms.
Unloading 2012 Unused Serialized files (Serialized files now loaded: 0)
System memory in use before: 96.9 MB.
System memory in use after: 97.0 MB.

Unloading 13 unused Assets to reduce memory usage. Loaded Objects now: 2508.
Total: 2.207500 ms (FindLiveObjects: 0.218300 ms CreateObjectMapping: 0.075500 ms MarkObjects: 1.894400 ms  DeleteObjects: 0.018300 ms)

========================================================================
Received Import Request.
  Time since last request: 1275.814176 seconds.
  path: Assets/Scripts/CardDealer.cs
  artifactKey: Guid(af7a2861dc986cf4e9f6fc2b0494f82f) Importer(815301076,1909f56bfc062723c751e8b465ee728b)
Start importing Assets/Scripts/CardDealer.cs using Guid(af7a2861dc986cf4e9f6fc2b0494f82f) Importer(815301076,1909f56bfc062723c751e8b465ee728b)  -> (artifact id: 'f19ffb96498a3dd8b92782763bc5a329') in 0.019586 seconds
  Import took 0.024650 seconds .

========================================================================
Received Prepare
Registering precompiled user dll's ...
Registered in 0.016636 seconds.
Begin MonoManager ReloadAssembly
Native extension for WindowsStandalone target not found
Native extension for WebGL target not found
Refreshing native plugins compatible for Editor in 0.49 ms, found 1 plugins.
Preloading 0 native plugins for Editor in 0.00 ms.
Invoked RoslynAnalysisRunner static constructor.
RoslynAnalysisRunner will not be running.
RoslynAnalysisRunner has terminated.
Mono: successfully reloaded assembly
- Completed reload, in  1.693 seconds
Platform modules already initialized, skipping
Refreshing native plugins compatible for Editor in 0.76 ms, found 1 plugins.
Preloading 0 native plugins for Editor in 0.00 ms.
Unloading 2013 Unused Serialized files (Serialized files now loaded: 0)
System memory in use before: 97.1 MB.
System memory in use after: 97.3 MB.

Unloading 13 unused Assets to reduce memory usage. Loaded Objects now: 2511.
Total: 2.433400 ms (FindLiveObjects: 0.362100 ms CreateObjectMapping: 0.150700 ms MarkObjects: 1.897900 ms  DeleteObjects: 0.020500 ms)

========================================================================
Received Prepare
Registering precompiled user dll's ...
Registered in 0.016812 seconds.
Begin MonoManager ReloadAssembly
Native extension for WindowsStandalone target not found
Native extension for WebGL target not found
Refreshing native plugins compatible for Editor in 0.43 ms, found 1 plugins.
Preloading 0 native plugins for Editor in 0.00 ms.
Invoked RoslynAnalysisRunner static constructor.
RoslynAnalysisRunner will not be running.
RoslynAnalysisRunner has terminated.
Mono: successfully reloaded assembly
- Completed reload, in  1.692 seconds
Platform modules already initialized, skipping
Refreshing native plugins compatible for Editor in 0.52 ms, found 1 plugins.
Preloading 0 native plugins for Editor in 0.00 ms.
Unloading 2013 Unused Serialized files (Serialized files now loaded: 0)
System memory in use before: 97.3 MB.
System memory in use after: 97.5 MB.

Unloading 13 unused Assets to reduce memory usage. Loaded Objects now: 2513.
Total: 2.659200 ms (FindLiveObjects: 0.353200 ms CreateObjectMapping: 0.159700 ms MarkObjects: 2.128000 ms  DeleteObjects: 0.017300 ms)

========================================================================
Received Import Request.
  Time since last request: 637.813459 seconds.
  path: Assets/Scripts/CardDealer.cs
  artifactKey: Guid(af7a2861dc986cf4e9f6fc2b0494f82f) Importer(815301076,1909f56bfc062723c751e8b465ee728b)
Start importing Assets/Scripts/CardDealer.cs using Guid(af7a2861dc986cf4e9f6fc2b0494f82f) Importer(815301076,1909f56bfc062723c751e8b465ee728b)  -> (artifact id: 'e5641dc38ab47b9e354c5eb4c524d823') in 0.012934 seconds
  Import took 0.119066 seconds .

========================================================================
Received Prepare
Registering precompiled user dll's ...
Registered in 0.017243 seconds.
Begin MonoManager ReloadAssembly
Native extension for WindowsStandalone target not found
Native extension for WebGL target not found
Refreshing native plugins compatible for Editor in 0.42 ms, found 1 plugins.
Preloading 0 native plugins for Editor in 0.00 ms.
Invoked RoslynAnalysisRunner static constructor.
RoslynAnalysisRunner will not be running.
RoslynAnalysisRunner has terminated.
Mono: successfully reloaded assembly
- Completed reload, in  1.664 seconds
Platform modules already initialized, skipping
Refreshing native plugins compatible for Editor in 0.50 ms, found 1 plugins.
Preloading 0 native plugins for Editor in 0.00 ms.
Unloading 2013 Unused Serialized files (Serialized files now loaded: 0)
System memory in use before: 97.5 MB.
System memory in use after: 97.7 MB.

Unloading 13 unused Assets to reduce memory usage. Loaded Objects now: 2515.
Total: 2.349400 ms (FindLiveObjects: 0.241900 ms CreateObjectMapping: 0.119600 ms MarkObjects: 1.967900 ms  DeleteObjects: 0.018700 ms)

========================================================================
Received Prepare
Registering precompiled user dll's ...
Registered in 0.017610 seconds.
Begin MonoManager ReloadAssembly
Native extension for WindowsStandalone target not found
Native extension for WebGL target not found
Refreshing native plugins compatible for Editor in 0.64 ms, found 1 plugins.
Preloading 0 native plugins for Editor in 0.00 ms.
Invoked RoslynAnalysisRunner static constructor.
RoslynAnalysisRunner will not be running.
RoslynAnalysisRunner has terminated.
Mono: successfully reloaded assembly
- Completed reload, in  1.644 seconds
Platform modules already initialized, skipping
Refreshing native plugins compatible for Editor in 0.48 ms, found 1 plugins.
Preloading 0 native plugins for Editor in 0.00 ms.
Unloading 2013 Unused Serialized files (Serialized files now loaded: 0)
System memory in use before: 97.6 MB.
System memory in use after: 97.8 MB.

Unloading 13 unused Assets to reduce memory usage. Loaded Objects now: 2517.
Total: 2.421400 ms (FindLiveObjects: 0.243800 ms CreateObjectMapping: 0.097200 ms MarkObjects: 2.060300 ms  DeleteObjects: 0.019200 ms)

========================================================================
Received Prepare
Registering precompiled user dll's ...
Registered in 0.017586 seconds.
Begin MonoManager ReloadAssembly
Native extension for WindowsStandalone target not found
Native extension for WebGL target not found
Refreshing native plugins compatible for Editor in 0.51 ms, found 1 plugins.
Preloading 0 native plugins for Editor in 0.00 ms.
Invoked RoslynAnalysisRunner static constructor.
RoslynAnalysisRunner will not be running.
RoslynAnalysisRunner has terminated.
Mono: successfully reloaded assembly
- Completed reload, in  1.602 seconds
Platform modules already initialized, skipping
Refreshing native plugins compatible for Editor in 0.48 ms, found 1 plugins.
Preloading 0 native plugins for Editor in 0.00 ms.
Unloading 2013 Unused Serialized files (Serialized files now loaded: 0)
System memory in use before: 96.9 MB.
System memory in use after: 97.1 MB.

Unloading 13 unused Assets to reduce memory usage. Loaded Objects now: 2519.
Total: 2.240700 ms (FindLiveObjects: 0.302500 ms CreateObjectMapping: 0.123400 ms MarkObjects: 1.794100 ms  DeleteObjects: 0.019500 ms)

========================================================================
Received Prepare
Registering precompiled user dll's ...
Registered in 0.016324 seconds.
Begin MonoManager ReloadAssembly
Native extension for WindowsStandalone target not found
Native extension for WebGL target not found
Refreshing native plugins compatible for Editor in 0.55 ms, found 1 plugins.
Preloading 0 native plugins for Editor in 0.00 ms.
Invoked RoslynAnalysisRunner static constructor.
RoslynAnalysisRunner will not be running.
RoslynAnalysisRunner has terminated.
Mono: successfully reloaded assembly
- Completed reload, in  1.603 seconds
Platform modules already initialized, skipping
Refreshing native plugins compatible for Editor in 0.45 ms, found 1 plugins.
Preloading 0 native plugins for Editor in 0.00 ms.
Unloading 2013 Unused Serialized files (Serialized files now loaded: 0)
System memory in use before: 97.1 MB.
System memory in use after: 97.3 MB.

Unloading 13 unused Assets to reduce memory usage. Loaded Objects now: 2521.
Total: 2.229200 ms (FindLiveObjects: 0.235500 ms CreateObjectMapping: 0.110300 ms MarkObjects: 1.866500 ms  DeleteObjects: 0.016000 ms)

========================================================================
Received Prepare
Registering precompiled user dll's ...
Registered in 0.022061 seconds.
Begin MonoManager ReloadAssembly
Native extension for WindowsStandalone target not found
Native extension for WebGL target not found
Refreshing native plugins compatible for Editor in 0.50 ms, found 1 plugins.
Preloading 0 native plugins for Editor in 0.00 ms.
Invoked RoslynAnalysisRunner static constructor.
RoslynAnalysisRunner will not be running.
RoslynAnalysisRunner has terminated.
Mono: successfully reloaded assembly
- Completed reload, in  1.733 seconds
Platform modules already initialized, skipping
Refreshing native plugins compatible for Editor in 0.58 ms, found 1 plugins.
Preloading 0 native plugins for Editor in 0.00 ms.
Unloading 2013 Unused Serialized files (Serialized files now loaded: 0)
System memory in use before: 97.3 MB.
System memory in use after: 97.5 MB.

Unloading 13 unused Assets to reduce memory usage. Loaded Objects now: 2523.
Total: 2.077100 ms (FindLiveObjects: 0.203400 ms CreateObjectMapping: 0.092400 ms MarkObjects: 1.762800 ms  DeleteObjects: 0.017700 ms)

========================================================================
Received Prepare
Registering precompiled user dll's ...
Registered in 0.017718 seconds.
Begin MonoManager ReloadAssembly
Native extension for WindowsStandalone target not found
Native extension for WebGL target not found
Refreshing native plugins compatible for Editor in 0.49 ms, found 1 plugins.
Preloading 0 native plugins for Editor in 0.00 ms.
Invoked RoslynAnalysisRunner static constructor.
RoslynAnalysisRunner will not be running.
RoslynAnalysisRunner has terminated.
Mono: successfully reloaded assembly
- Completed reload, in  1.649 seconds
Platform modules already initialized, skipping
Refreshing native plugins compatible for Editor in 0.60 ms, found 1 plugins.
Preloading 0 native plugins for Editor in 0.00 ms.
Unloading 2013 Unused Serialized files (Serialized files now loaded: 0)
System memory in use before: 97.5 MB.
System memory in use after: 97.7 MB.

Unloading 13 unused Assets to reduce memory usage. Loaded Objects now: 2525.
Total: 2.129600 ms (FindLiveObjects: 0.312100 ms CreateObjectMapping: 0.126300 ms MarkObjects: 1.671400 ms  DeleteObjects: 0.018700 ms)

========================================================================
Received Prepare
Refreshing native plugins compatible for Editor in 14.98 ms, found 1 plugins.
Preloading 0 native plugins for Editor in 0.00 ms.
Unloading 10 Unused Serialized files (Serialized files now loaded: 0)
System memory in use before: 57.8 MB.
System memory in use after: 57.9 MB.

Unloading 10 unused Assets to reduce memory usage. Loaded Objects now: 2525.
Total: 2.222900 ms (FindLiveObjects: 0.202500 ms CreateObjectMapping: 0.072000 ms MarkObjects: 1.932600 ms  DeleteObjects: 0.014700 ms)

========================================================================
Received Prepare
Registering precompiled user dll's ...
Registered in 0.017890 seconds.
Begin MonoManager ReloadAssembly
Native extension for WindowsStandalone target not found
Native extension for WebGL target not found
Refreshing native plugins compatible for Editor in 0.78 ms, found 1 plugins.
Preloading 0 native plugins for Editor in 0.00 ms.
Invoked RoslynAnalysisRunner static constructor.
RoslynAnalysisRunner will not be running.
RoslynAnalysisRunner has terminated.
Mono: successfully reloaded assembly
- Completed reload, in  2.216 seconds
Platform modules already initialized, skipping
Refreshing native plugins compatible for Editor in 0.56 ms, found 1 plugins.
Preloading 0 native plugins for Editor in 0.00 ms.
Unloading 2013 Unused Serialized files (Serialized files now loaded: 0)
System memory in use before: 96.9 MB.
System memory in use after: 97.1 MB.

Unloading 13 unused Assets to reduce memory usage. Loaded Objects now: 2527.
Total: 2.923700 ms (FindLiveObjects: 0.382200 ms CreateObjectMapping: 0.126600 ms MarkObjects: 2.389400 ms  DeleteObjects: 0.023700 ms)

========================================================================
Received Prepare
Registering precompiled user dll's ...
Registered in 0.022028 seconds.
Begin MonoManager ReloadAssembly
Native extension for WindowsStandalone target not found
Native extension for WebGL target not found
Refreshing native plugins compatible for Editor in 0.70 ms, found 1 plugins.
Preloading 0 native plugins for Editor in 0.00 ms.
Invoked RoslynAnalysisRunner static constructor.
RoslynAnalysisRunner will not be running.
RoslynAnalysisRunner has terminated.
Mono: successfully reloaded assembly
- Completed reload, in  2.267 seconds
Platform modules already initialized, skipping
Refreshing native plugins compatible for Editor in 0.75 ms, found 1 plugins.
Preloading 0 native plugins for Editor in 0.00 ms.
Unloading 2013 Unused Serialized files (Serialized files now loaded: 0)
System memory in use before: 97.1 MB.
System memory in use after: 97.3 MB.

Unloading 13 unused Assets to reduce memory usage. Loaded Objects now: 2529.
Total: 2.997700 ms (FindLiveObjects: 0.344600 ms CreateObjectMapping: 0.138000 ms MarkObjects: 2.486900 ms  DeleteObjects: 0.026300 ms)

========================================================================
Received Prepare
Registering precompiled user dll's ...
Registered in 0.021089 seconds.
Begin MonoManager ReloadAssembly
Native extension for WindowsStandalone target not found
Native extension for WebGL target not found
Refreshing native plugins compatible for Editor in 0.66 ms, found 1 plugins.
Preloading 0 native plugins for Editor in 0.00 ms.
Invoked RoslynAnalysisRunner static constructor.
RoslynAnalysisRunner will not be running.
RoslynAnalysisRunner has terminated.
Mono: successfully reloaded assembly
- Completed reload, in  1.624 seconds
Platform modules already initialized, skipping
Refreshing native plugins compatible for Editor in 0.47 ms, found 1 plugins.
Preloading 0 native plugins for Editor in 0.00 ms.
Unloading 2013 Unused Serialized files (Serialized files now loaded: 0)
System memory in use before: 97.3 MB.
System memory in use after: 97.5 MB.

Unloading 13 unused Assets to reduce memory usage. Loaded Objects now: 2531.
Total: 2.608300 ms (FindLiveObjects: 0.457000 ms CreateObjectMapping: 0.173800 ms MarkObjects: 1.956800 ms  DeleteObjects: 0.019500 ms)

========================================================================
Received Prepare
Registering precompiled user dll's ...
Registered in 0.019246 seconds.
Begin MonoManager ReloadAssembly
Native extension for WindowsStandalone target not found
Native extension for WebGL target not found
Refreshing native plugins compatible for Editor in 0.46 ms, found 1 plugins.
Preloading 0 native plugins for Editor in 0.00 ms.
Invoked RoslynAnalysisRunner static constructor.
RoslynAnalysisRunner will not be running.
RoslynAnalysisRunner has terminated.
Mono: successfully reloaded assembly
- Completed reload, in  1.865 seconds
Platform modules already initialized, skipping
Refreshing native plugins compatible for Editor in 0.49 ms, found 1 plugins.
Preloading 0 native plugins for Editor in 0.00 ms.
Unloading 2013 Unused Serialized files (Serialized files now loaded: 0)
System memory in use before: 97.5 MB.
System memory in use after: 97.7 MB.

Unloading 13 unused Assets to reduce memory usage. Loaded Objects now: 2533.
Total: 2.309300 ms (FindLiveObjects: 0.236100 ms CreateObjectMapping: 0.101300 ms MarkObjects: 1.931400 ms  DeleteObjects: 0.039400 ms)

========================================================================
Received Prepare
Registering precompiled user dll's ...
Registered in 0.017275 seconds.
Begin MonoManager ReloadAssembly
Native extension for WindowsStandalone target not found
Native extension for WebGL target not found
Refreshing native plugins compatible for Editor in 0.44 ms, found 1 plugins.
Preloading 0 native plugins for Editor in 0.00 ms.
Invoked RoslynAnalysisRunner static constructor.
RoslynAnalysisRunner will not be running.
RoslynAnalysisRunner has terminated.
Mono: successfully reloaded assembly
- Completed reload, in  1.598 seconds
Platform modules already initialized, skipping
Refreshing native plugins compatible for Editor in 0.47 ms, found 1 plugins.
Preloading 0 native plugins for Editor in 0.00 ms.
Unloading 2013 Unused Serialized files (Serialized files now loaded: 0)
System memory in use before: 97.7 MB.
System memory in use after: 97.8 MB.

Unloading 13 unused Assets to reduce memory usage. Loaded Objects now: 2535.
Total: 2.465300 ms (FindLiveObjects: 0.218400 ms CreateObjectMapping: 0.092100 ms MarkObjects: 2.103500 ms  DeleteObjects: 0.050400 ms)

========================================================================
Received Prepare
Refreshing native plugins compatible for Editor in 14.70 ms, found 1 plugins.
Preloading 0 native plugins for Editor in 0.00 ms.
Unloading 10 Unused Serialized files (Serialized files now loaded: 0)
System memory in use before: 57.1 MB.
System memory in use after: 57.2 MB.

Unloading 10 unused Assets to reduce memory usage. Loaded Objects now: 2535.
Total: 3.487300 ms (FindLiveObjects: 0.258200 ms CreateObjectMapping: 0.115900 ms MarkObjects: 3.090600 ms  DeleteObjects: 0.020600 ms)

========================================================================
Received Prepare
Registering precompiled user dll's ...
Registered in 0.022276 seconds.
Begin MonoManager ReloadAssembly
Native extension for WindowsStandalone target not found
Native extension for WebGL target not found
Refreshing native plugins compatible for Editor in 0.56 ms, found 1 plugins.
Preloading 0 native plugins for Editor in 0.00 ms.
Invoked RoslynAnalysisRunner static constructor.
RoslynAnalysisRunner will not be running.
RoslynAnalysisRunner has terminated.
Mono: successfully reloaded assembly
- Completed reload, in  2.136 seconds
Platform modules already initialized, skipping
Refreshing native plugins compatible for Editor in 0.46 ms, found 1 plugins.
Preloading 0 native plugins for Editor in 0.00 ms.
Unloading 2013 Unused Serialized files (Serialized files now loaded: 0)
System memory in use before: 97.1 MB.
System memory in use after: 97.3 MB.

Unloading 13 unused Assets to reduce memory usage. Loaded Objects now: 2537.
Total: 2.442200 ms (FindLiveObjects: 0.240800 ms CreateObjectMapping: 0.100600 ms MarkObjects: 2.079900 ms  DeleteObjects: 0.019200 ms)

========================================================================
Received Prepare
Registering precompiled user dll's ...
Registered in 0.020450 seconds.
Begin MonoManager ReloadAssembly
Native extension for WindowsStandalone target not found
Native extension for WebGL target not found
Refreshing native plugins compatible for Editor in 0.48 ms, found 1 plugins.
Preloading 0 native plugins for Editor in 0.00 ms.
Invoked RoslynAnalysisRunner static constructor.
RoslynAnalysisRunner will not be running.
RoslynAnalysisRunner has terminated.
Mono: successfully reloaded assembly
- Completed reload, in  1.680 seconds
Platform modules already initialized, skipping
Refreshing native plugins compatible for Editor in 0.53 ms, found 1 plugins.
Preloading 0 native plugins for Editor in 0.00 ms.
Unloading 2013 Unused Serialized files (Serialized files now loaded: 0)
System memory in use before: 97.3 MB.
System memory in use after: 97.5 MB.

Unloading 13 unused Assets to reduce memory usage. Loaded Objects now: 2539.
Total: 2.308500 ms (FindLiveObjects: 0.259700 ms CreateObjectMapping: 0.119800 ms MarkObjects: 1.909900 ms  DeleteObjects: 0.017700 ms)

========================================================================
Received Import Request.
  Time since last request: 4028.968600 seconds.
  path: Assets/Scenes/Online.unity
  artifactKey: Guid(00693d29d364ccb4d899ac962dae24e8) Importer(815301076,1909f56bfc062723c751e8b465ee728b)
Start importing Assets/Scenes/Online.unity using Guid(00693d29d364ccb4d899ac962dae24e8) Importer(815301076,1909f56bfc062723c751e8b465ee728b)  -> (artifact id: '46437c1d1f770322c7d1440244d46ed9') in 0.028643 seconds
  Import took 0.142675 seconds .

========================================================================
Received Prepare
Registering precompiled user dll's ...
Registered in 0.019144 seconds.
Begin MonoManager ReloadAssembly
Native extension for WindowsStandalone target not found
Native extension for WebGL target not found
Refreshing native plugins compatible for Editor in 0.56 ms, found 1 plugins.
Preloading 0 native plugins for Editor in 0.00 ms.
Invoked RoslynAnalysisRunner static constructor.
RoslynAnalysisRunner will not be running.
RoslynAnalysisRunner has terminated.
Mono: successfully reloaded assembly
- Completed reload, in  2.339 seconds
Platform modules already initialized, skipping
Refreshing native plugins compatible for Editor in 0.80 ms, found 1 plugins.
Preloading 0 native plugins for Editor in 0.00 ms.
Unloading 2013 Unused Serialized files (Serialized files now loaded: 0)
System memory in use before: 97.6 MB.
System memory in use after: 97.7 MB.

Unloading 13 unused Assets to reduce memory usage. Loaded Objects now: 2541.
Total: 2.383300 ms (FindLiveObjects: 0.212300 ms CreateObjectMapping: 0.085900 ms MarkObjects: 2.052100 ms  DeleteObjects: 0.032100 ms)

========================================================================
Received Import Request.
  Time since last request: 116.098090 seconds.
  path: Assets/Sprites/7_of_spades.png
  artifactKey: Guid(eb239f02cf15fde468ba26364d5ac3b7) Importer(815301076,1909f56bfc062723c751e8b465ee728b)
Start importing Assets/Sprites/7_of_spades.png using Guid(eb239f02cf15fde468ba26364d5ac3b7) Importer(815301076,1909f56bfc062723c751e8b465ee728b)  -> (artifact id: '7d8d5f13731205dd3532f2a04f66c2ec') in 0.341354 seconds
  Import took 0.356352 seconds .

========================================================================
Received Import Request.
  Time since last request: 0.000512 seconds.
  path: Assets/Sprites/chip_black_top.png
  artifactKey: Guid(761ba309e77cc6645bd5d2d74ab558c6) Importer(815301076,1909f56bfc062723c751e8b465ee728b)
Start importing Assets/Sprites/chip_black_top.png using Guid(761ba309e77cc6645bd5d2d74ab558c6) Importer(815301076,1909f56bfc062723c751e8b465ee728b)  -> (artifact id: '382a959cc7702fdbbac597872740230b') in 0.053860 seconds
  Import took 0.159305 seconds .

========================================================================
Received Import Request.
  Time since last request: 0.000466 seconds.
  path: Assets/Sprites/jack_of_diamonds.png
  artifactKey: Guid(f9f7142ee47b33c4ca2b73c28f6353b7) Importer(815301076,1909f56bfc062723c751e8b465ee728b)
Start importing Assets/Sprites/jack_of_diamonds.png using Guid(f9f7142ee47b33c4ca2b73c28f6353b7) Importer(815301076,1909f56bfc062723c751e8b465ee728b)  -> (artifact id: '3ab942f2a9ada6e5cb43a1fb5a7c4a1a') in 0.177335 seconds
  Import took 0.256653 seconds .

========================================================================
Received Import Request.
  Time since last request: 0.000422 seconds.
  path: Assets/Sprites/ace_of_spades.png
  artifactKey: Guid(b4034dfa15c46694884d70401c486f98) Importer(815301076,1909f56bfc062723c751e8b465ee728b)
Start importing Assets/Sprites/ace_of_spades.png using Guid(b4034dfa15c46694884d70401c486f98) Importer(815301076,1909f56bfc062723c751e8b465ee728b)  -> (artifact id: '54002ca8f5958f57afc957d75abb5c92') in 0.035120 seconds
  Import took 0.096117 seconds .

========================================================================
Received Import Request.
  Time since last request: 0.000324 seconds.
  path: Assets/Sprites/ace_of_hearts.png
  artifactKey: Guid(2ded3128aaaca974e95cab8001112631) Importer(815301076,1909f56bfc062723c751e8b465ee728b)
Start importing Assets/Sprites/ace_of_hearts.png using Guid(2ded3128aaaca974e95cab8001112631) Importer(815301076,1909f56bfc062723c751e8b465ee728b)  -> (artifact id: 'c71ea01b47213854f8b71fa83f339a24') in 0.058129 seconds
  Import took 0.079905 seconds .

========================================================================
Received Import Request.
  Time since last request: 0.000237 seconds.
  path: Assets/Sprites/10_of_clubs.png
  artifactKey: Guid(14bfec19f9b65a342b95a9d0f6dcecf8) Importer(815301076,1909f56bfc062723c751e8b465ee728b)
Start importing Assets/Sprites/10_of_clubs.png using Guid(14bfec19f9b65a342b95a9d0f6dcecf8) Importer(815301076,1909f56bfc062723c751e8b465ee728b)  -> (artifact id: 'd96edcd16463ccb3092e85a783971b54') in 0.145946 seconds
  Import took 0.201825 seconds .

========================================================================
Received Import Request.
  Time since last request: 0.000369 seconds.
  path: Assets/Sprites/ace_of_diamonds.png
  artifactKey: Guid(d613fbc9f20872740b0fe9353218d4df) Importer(815301076,1909f56bfc062723c751e8b465ee728b)
Start importing Assets/Sprites/ace_of_diamonds.png using Guid(d613fbc9f20872740b0fe9353218d4df) Importer(815301076,1909f56bfc062723c751e8b465ee728b)  -> (artifact id: 'ffc45b078cd65d199f571db8e954b035') in 0.034883 seconds
  Import took 0.064278 seconds .

========================================================================
Received Import Request.
  Time since last request: 0.000496 seconds.
  path: Assets/Sprites/10_of_diamonds.png
  artifactKey: Guid(c291d99da2a723e4ebd282ac9ac603f2) Importer(815301076,1909f56bfc062723c751e8b465ee728b)
Start importing Assets/Sprites/10_of_diamonds.png using Guid(c291d99da2a723e4ebd282ac9ac603f2) Importer(815301076,1909f56bfc062723c751e8b465ee728b)  -> (artifact id: 'd31a03d9b919be9dc75c8da468f7e845') in 0.086972 seconds
  Import took 0.115517 seconds .

========================================================================
Received Import Request.
  Time since last request: 0.000285 seconds.
  path: Assets/Sprites/emptypos.png
  artifactKey: Guid(0697a7fb325d7604bb7aecb815a4635d) Importer(815301076,1909f56bfc062723c751e8b465ee728b)
Start importing Assets/Sprites/emptypos.png using Guid(0697a7fb325d7604bb7aecb815a4635d) Importer(815301076,1909f56bfc062723c751e8b465ee728b)  -> (artifact id: '589c7e562fce2a599e22a86923ff7065') in 0.047987 seconds
  Import took 0.101321 seconds .

========================================================================
Received Import Request.
  Time since last request: 0.000350 seconds.
  path: Assets/Sprites/9_of_spades.png
  artifactKey: Guid(14f4d1c566f7ac34088de59a1118a429) Importer(815301076,1909f56bfc062723c751e8b465ee728b)
Start importing Assets/Sprites/9_of_spades.png using Guid(14f4d1c566f7ac34088de59a1118a429) Importer(815301076,1909f56bfc062723c751e8b465ee728b)  -> (artifact id: 'a98024887ea2c076758c6f7d4e71a3d1') in 0.084312 seconds
  Import took 0.128237 seconds .

========================================================================
Received Import Request.
  Time since last request: 0.000351 seconds.
  path: Assets/Sprites/9_of_hearts.png
  artifactKey: Guid(35a974582c59eb548b11ccd5975a2060) Importer(815301076,1909f56bfc062723c751e8b465ee728b)
Start importing Assets/Sprites/9_of_hearts.png using Guid(35a974582c59eb548b11ccd5975a2060) Importer(815301076,1909f56bfc062723c751e8b465ee728b)  -> (artifact id: 'd41691c0c90b77fb007c222dd32d9942') in 0.082506 seconds
  Import took 0.095313 seconds .

========================================================================
Received Import Request.
  Time since last request: 0.000379 seconds.
  path: Assets/Sprites/8_of_spades.png
  artifactKey: Guid(9a277af4d457b8949b04149956efb484) Importer(815301076,1909f56bfc062723c751e8b465ee728b)
Start importing Assets/Sprites/8_of_spades.png using Guid(9a277af4d457b8949b04149956efb484) Importer(815301076,1909f56bfc062723c751e8b465ee728b)  -> (artifact id: '8de2ca4f8d990c76719757af34a87412') in 0.091177 seconds
  Import took 0.098416 seconds .

========================================================================
Received Import Request.
  Time since last request: 0.000405 seconds.
  path: Assets/Sprites/7_of_spades.png
  artifactKey: Guid(eb239f02cf15fde468ba26364d5ac3b7) Importer(815301076,1909f56bfc062723c751e8b465ee728b)
Start importing Assets/Sprites/7_of_spades.png using Guid(eb239f02cf15fde468ba26364d5ac3b7) Importer(815301076,1909f56bfc062723c751e8b465ee728b)  -> (artifact id: '7d8d5f13731205dd3532f2a04f66c2ec') in 0.032255 seconds
  Import took 0.036760 seconds .

========================================================================
Received Import Request.
  Time since last request: 0.000547 seconds.
  path: Assets/Sprites/ace_of_clubs.png
  artifactKey: Guid(5e81eec29639a16489c15a25aa81731d) Importer(815301076,1909f56bfc062723c751e8b465ee728b)
Start importing Assets/Sprites/ace_of_clubs.png using Guid(5e81eec29639a16489c15a25aa81731d) Importer(815301076,1909f56bfc062723c751e8b465ee728b)  -> (artifact id: '18da650d3c9583442c11e52bb5e53949') in 0.035504 seconds
  Import took 0.039666 seconds .

========================================================================
Received Import Request.
  Time since last request: 0.000339 seconds.
  path: Assets/Sprites/ace_of_spades2.png
  artifactKey: Guid(807450855deda7b41a0639d4aaedafc0) Importer(815301076,1909f56bfc062723c751e8b465ee728b)
Start importing Assets/Sprites/ace_of_spades2.png using Guid(807450855deda7b41a0639d4aaedafc0) Importer(815301076,1909f56bfc062723c751e8b465ee728b)  -> (artifact id: '1edeb8b6b898c321222732da40e9e711') in 0.154428 seconds
  Import took 0.185443 seconds .

========================================================================
Received Import Request.
  Time since last request: 0.000463 seconds.
  path: Assets/Sprites/jack_of_clubs2.png
  artifactKey: Guid(928e4451d8e7cb549bd2cff9b62b8a73) Importer(815301076,1909f56bfc062723c751e8b465ee728b)
Start importing Assets/Sprites/jack_of_clubs2.png using Guid(928e4451d8e7cb549bd2cff9b62b8a73) Importer(815301076,1909f56bfc062723c751e8b465ee728b)  -> (artifact id: '748aed308ebd0831764958c8e4f1bfe3') in 0.032725 seconds
  Import took 0.077971 seconds .

========================================================================
Received Import Request.
  Time since last request: 0.000432 seconds.
  path: Assets/Sprites/9_of_clubs.png
  artifactKey: Guid(2a6a477a8fe227449a1622192a6f3405) Importer(815301076,1909f56bfc062723c751e8b465ee728b)
Start importing Assets/Sprites/9_of_clubs.png using Guid(2a6a477a8fe227449a1622192a6f3405) Importer(815301076,1909f56bfc062723c751e8b465ee728b)  -> (artifact id: 'b93b5721c3000679fc9349172919a8e9') in 0.111217 seconds
  Import took 0.136635 seconds .

========================================================================
Received Import Request.
  Time since last request: 0.000588 seconds.
  path: Assets/Sprites/jack_of_clubs.png
  artifactKey: Guid(c02ae958eab7feb4fb417b82adef69cd) Importer(815301076,1909f56bfc062723c751e8b465ee728b)
Start importing Assets/Sprites/jack_of_clubs.png using Guid(c02ae958eab7feb4fb417b82adef69cd) Importer(815301076,1909f56bfc062723c751e8b465ee728b)  -> (artifact id: '7d41c2bc7c3e11a1467ee2f9ac7b1640') in 0.166877 seconds
  Import took 0.184920 seconds .

========================================================================
Received Import Request.
  Time since last request: 0.000381 seconds.
  path: Assets/Sprites/10_of_hearts.png
  artifactKey: Guid(3c837ce1c1b450843946d299896d051e) Importer(815301076,1909f56bfc062723c751e8b465ee728b)
Start importing Assets/Sprites/10_of_hearts.png using Guid(3c837ce1c1b450843946d299896d051e) Importer(815301076,1909f56bfc062723c751e8b465ee728b)  -> (artifact id: 'fea01a189d0a5c7fc76cff8698f6c578') in 0.208384 seconds
  Import took 0.232938 seconds .

========================================================================
Received Import Request.
  Time since last request: 0.000379 seconds.
  path: Assets/Sprites/black_joker.png
  artifactKey: Guid(941d2d7b5c1afe147b1eca31cba2a363) Importer(815301076,1909f56bfc062723c751e8b465ee728b)
Start importing Assets/Sprites/black_joker.png using Guid(941d2d7b5c1afe147b1eca31cba2a363) Importer(815301076,1909f56bfc062723c751e8b465ee728b)  -> (artifact id: 'dfc2e2ba22c889a1a9eca1fe29f7e74b') in 0.086470 seconds
  Import took 0.105551 seconds .

========================================================================
Received Import Request.
  Time since last request: 0.000549 seconds.
  path: Assets/Sprites/8_of_hearts.png
  artifactKey: Guid(c286f960d338b6042b495f1eef48ada8) Importer(815301076,1909f56bfc062723c751e8b465ee728b)
Start importing Assets/Sprites/8_of_hearts.png using Guid(c286f960d338b6042b495f1eef48ada8) Importer(815301076,1909f56bfc062723c751e8b465ee728b)  -> (artifact id: 'dd67c4ed95d35c2c6beff45aae676675') in 0.038446 seconds
  Import took 0.084090 seconds .

========================================================================
Received Import Request.
  Time since last request: 0.000459 seconds.
  path: Assets/Sprites/9_of_diamonds.png
  artifactKey: Guid(08408abdb8632fb48947ae2d651d37a9) Importer(815301076,1909f56bfc062723c751e8b465ee728b)
Start importing Assets/Sprites/9_of_diamonds.png using Guid(08408abdb8632fb48947ae2d651d37a9) Importer(815301076,1909f56bfc062723c751e8b465ee728b)  -> (artifact id: 'facd85aa6e4bceea325d37b5c63b94b9') in 0.079494 seconds
  Import took 0.083390 seconds .

========================================================================
Received Import Request.
  Time since last request: 0.000366 seconds.
  path: Assets/Sprites/jack_of_diamonds2.png
  artifactKey: Guid(25ce3a14281b7504b8163f85127f4be5) Importer(815301076,1909f56bfc062723c751e8b465ee728b)
Start importing Assets/Sprites/jack_of_diamonds2.png using Guid(25ce3a14281b7504b8163f85127f4be5) Importer(815301076,1909f56bfc062723c751e8b465ee728b)  -> (artifact id: 'c92a19c6bcfcf67dcbebe1df8bf9145d') in 0.031735 seconds
  Import took 0.049727 seconds .

========================================================================
Received Import Request.
  Time since last request: 0.000389 seconds.
  path: Assets/Sprites/8_of_diamonds.png
  artifactKey: Guid(706f8a6868bb26a48a6dc5364105f594) Importer(815301076,1909f56bfc062723c751e8b465ee728b)
Start importing Assets/Sprites/8_of_diamonds.png using Guid(706f8a6868bb26a48a6dc5364105f594) Importer(815301076,1909f56bfc062723c751e8b465ee728b)  -> (artifact id: '8fa39bc8b403118f1e9ad8bc33e19bf2') in 0.080688 seconds
  Import took 0.087481 seconds .

========================================================================
Received Import Request.
  Time since last request: 0.000349 seconds.
  path: Assets/Sprites/8_of_clubs.png
  artifactKey: Guid(ce1b777ef37016e43bf54c262cf55378) Importer(815301076,1909f56bfc062723c751e8b465ee728b)
Start importing Assets/Sprites/8_of_clubs.png using Guid(ce1b777ef37016e43bf54c262cf55378) Importer(815301076,1909f56bfc062723c751e8b465ee728b)  -> (artifact id: 'df0c708b53060b91d944a94ff9e39c38') in 0.083697 seconds
  Import took 0.099503 seconds .

========================================================================
Received Import Request.
  Time since last request: 0.000379 seconds.
  path: Assets/Sprites/10_of_spades.png
  artifactKey: Guid(709a73990b69f674aa48a85cbf58a3e3) Importer(815301076,1909f56bfc062723c751e8b465ee728b)
Start importing Assets/Sprites/10_of_spades.png using Guid(709a73990b69f674aa48a85cbf58a3e3) Importer(815301076,1909f56bfc062723c751e8b465ee728b)  -> (artifact id: '421477f7bdb3623c164bc7c50c26f4ec') in 0.067836 seconds
  Import took 0.108245 seconds .

========================================================================
Received Import Request.
  Time since last request: 95.129452 seconds.
  path: Assets/Sprites/jack_of_hearts.png
  artifactKey: Guid(fe664134c335d614288c5f3deb5d5fb8) Importer(815301076,1909f56bfc062723c751e8b465ee728b)
Start importing Assets/Sprites/jack_of_hearts.png using Guid(fe664134c335d614288c5f3deb5d5fb8) Importer(815301076,1909f56bfc062723c751e8b465ee728b)  -> (artifact id: 'e9ea58c51a831b1580d9c7f212cb93fd') in 0.390186 seconds
  Import took 0.396071 seconds .

========================================================================
Received Import Request.
  Time since last request: 0.000414 seconds.
  path: Assets/Sprites/king_of_spades.png
  artifactKey: Guid(61c1ed82e68dfd84695fd721b081e38e) Importer(815301076,1909f56bfc062723c751e8b465ee728b)
Start importing Assets/Sprites/king_of_spades.png using Guid(61c1ed82e68dfd84695fd721b081e38e) Importer(815301076,1909f56bfc062723c751e8b465ee728b)  -> (artifact id: 'b27675c80a984eb88ffef64c66a0bcc0') in 0.092138 seconds
  Import took 0.107391 seconds .

========================================================================
Received Import Request.
  Time since last request: 0.000411 seconds.
  path: Assets/Sprites/king_of_diamonds.png
  artifactKey: Guid(83beb13f32f56b943a1d54ddb07dca51) Importer(815301076,1909f56bfc062723c751e8b465ee728b)
Start importing Assets/Sprites/king_of_diamonds.png using Guid(83beb13f32f56b943a1d54ddb07dca51) Importer(815301076,1909f56bfc062723c751e8b465ee728b)  -> (artifact id: '5838a48cfd3a1a525f8af816b19900b2') in 0.078048 seconds
  Import took 0.083403 seconds .

========================================================================
Received Import Request.
  Time since last request: 0.000366 seconds.
  path: Assets/Sprites/king_of_diamonds2.png
  artifactKey: Guid(c696db8c749bd9844912294fa69a0ad6) Importer(815301076,1909f56bfc062723c751e8b465ee728b)
Start importing Assets/Sprites/king_of_diamonds2.png using Guid(c696db8c749bd9844912294fa69a0ad6) Importer(815301076,1909f56bfc062723c751e8b465ee728b)  -> (artifact id: '970e5c7d1ad675d2341234bf96ee50c0') in 0.038973 seconds
  Import took 0.054965 seconds .

========================================================================
Received Import Request.
  Time since last request: 0.000323 seconds.
  path: Assets/Sprites/king_of_spades2.png
  artifactKey: Guid(d8219e75155930e4d9eb3eb7a648fec5) Importer(815301076,1909f56bfc062723c751e8b465ee728b)
Start importing Assets/Sprites/king_of_spades2.png using Guid(d8219e75155930e4d9eb3eb7a648fec5) Importer(815301076,1909f56bfc062723c751e8b465ee728b)  -> (artifact id: '6c79c167f794aab5a348e26200334500') in 0.042097 seconds
  Import took 0.054324 seconds .

========================================================================
Received Import Request.
  Time since last request: 0.000526 seconds.
  path: Assets/Sprites/jack_of_spades.png
  artifactKey: Guid(8e3b817560e35d849ad7b849b2702044) Importer(815301076,1909f56bfc062723c751e8b465ee728b)
Start importing Assets/Sprites/jack_of_spades.png using Guid(8e3b817560e35d849ad7b849b2702044) Importer(815301076,1909f56bfc062723c751e8b465ee728b)  -> (artifact id: '179e04133eb23e009d10a80dd77cc0c7') in 0.088408 seconds
  Import took 0.107745 seconds .

========================================================================
Received Import Request.
  Time since last request: 0.000422 seconds.
  path: Assets/Sprites/king_of_clubs2.png
  artifactKey: Guid(21b258cf91fd6124c84ee33e548fc8db) Importer(815301076,1909f56bfc062723c751e8b465ee728b)
Start importing Assets/Sprites/king_of_clubs2.png using Guid(21b258cf91fd6124c84ee33e548fc8db) Importer(815301076,1909f56bfc062723c751e8b465ee728b)  -> (artifact id: 'f3b5ed580e8f98ed24f1230f1572ba73') in 0.042577 seconds
  Import took 0.082465 seconds .

========================================================================
Received Import Request.
  Time since last request: 0.000380 seconds.
  path: Assets/Sprites/king_of_hearts2.png
  artifactKey: Guid(c5d207530fe6be143b7acc68a2574aef) Importer(815301076,1909f56bfc062723c751e8b465ee728b)
Start importing Assets/Sprites/king_of_hearts2.png using Guid(c5d207530fe6be143b7acc68a2574aef) Importer(815301076,1909f56bfc062723c751e8b465ee728b)  -> (artifact id: 'cab3cce6c1686a9f4dfee98623876928') in 0.037756 seconds
  Import took 0.042939 seconds .

========================================================================
Received Import Request.
  Time since last request: 0.000586 seconds.
  path: Assets/Sprites/king_of_hearts.png
  artifactKey: Guid(b9448fb18e142f7498a2e5f12cf900cf) Importer(815301076,1909f56bfc062723c751e8b465ee728b)
Start importing Assets/Sprites/king_of_hearts.png using Guid(b9448fb18e142f7498a2e5f12cf900cf) Importer(815301076,1909f56bfc062723c751e8b465ee728b)  -> (artifact id: '6c14868f704107479de7914cd9f5f118') in 0.090177 seconds
  Import took 0.095175 seconds .

========================================================================
Received Import Request.
  Time since last request: 0.000372 seconds.
  path: Assets/Sprites/jack_of_hearts2.png
  artifactKey: Guid(d2c9e081df0fff748befb06e82cd3609) Importer(815301076,1909f56bfc062723c751e8b465ee728b)
Start importing Assets/Sprites/jack_of_hearts2.png using Guid(d2c9e081df0fff748befb06e82cd3609) Importer(815301076,1909f56bfc062723c751e8b465ee728b)  -> (artifact id: '02c3189e69422169b893c4e0dbf0876b') in 0.047282 seconds
  Import took 0.063217 seconds .

========================================================================
Received Import Request.
  Time since last request: 0.000481 seconds.
  path: Assets/Sprites/jack_of_spades2.png
  artifactKey: Guid(06ae96f29138f3d4eac2ad167979db98) Importer(815301076,1909f56bfc062723c751e8b465ee728b)
Start importing Assets/Sprites/jack_of_spades2.png using Guid(06ae96f29138f3d4eac2ad167979db98) Importer(815301076,1909f56bfc062723c751e8b465ee728b)  -> (artifact id: '1bf08e61cdaf402ede5e6b9775118332') in 0.041750 seconds
  Import took 0.055871 seconds .

========================================================================
Received Import Request.
  Time since last request: 0.000531 seconds.
  path: Assets/Sprites/king_of_clubs.png
  artifactKey: Guid(5c9554a26456d1a498bcb77815c22921) Importer(815301076,1909f56bfc062723c751e8b465ee728b)
Start importing Assets/Sprites/king_of_clubs.png using Guid(5c9554a26456d1a498bcb77815c22921) Importer(815301076,1909f56bfc062723c751e8b465ee728b)  -> (artifact id: '03d442548232722a82fc66f26cd83dfc') in 0.069583 seconds
  Import took 0.092734 seconds .

========================================================================
Received Import Request.
  Time since last request: 0.000441 seconds.
  path: Assets/Sprites/jack_of_spades2.png
  artifactKey: Guid(06ae96f29138f3d4eac2ad167979db98) Importer(815301076,1909f56bfc062723c751e8b465ee728b)
Start importing Assets/Sprites/jack_of_spades2.png using Guid(06ae96f29138f3d4eac2ad167979db98) Importer(815301076,1909f56bfc062723c751e8b465ee728b)  -> (artifact id: '1bf08e61cdaf402ede5e6b9775118332') in 0.039184 seconds
  Import took 0.045713 seconds .

========================================================================
Received Import Request.
  Time since last request: 0.598561 seconds.
  path: Assets/Sprites/pngflow.com.png
  artifactKey: Guid(332f7616e43f3b844b17262250742ee9) Importer(815301076,1909f56bfc062723c751e8b465ee728b)
Start importing Assets/Sprites/pngflow.com.png using Guid(332f7616e43f3b844b17262250742ee9) Importer(815301076,1909f56bfc062723c751e8b465ee728b)  -> (artifact id: '9a92980a1aab22fcc1d593059b892195') in 0.042713 seconds
  Import took 0.635452 seconds .

========================================================================
Received Import Request.
  Time since last request: 0.000389 seconds.
  path: Assets/Sprites/red_joker.png
  artifactKey: Guid(c5a830d6cdabf5544814c1430c2da6e0) Importer(815301076,1909f56bfc062723c751e8b465ee728b)
Start importing Assets/Sprites/red_joker.png using Guid(c5a830d6cdabf5544814c1430c2da6e0) Importer(815301076,1909f56bfc062723c751e8b465ee728b)  -> (artifact id: '6b24141231b74afc44692baa93ce6049') in 0.093730 seconds
  Import took 0.109244 seconds .

========================================================================
Received Import Request.
  Time since last request: 0.000448 seconds.
  path: Assets/Sprites/queen_of_clubs2.png
  artifactKey: Guid(db0c57e8a3a2cbf43b9e875282958421) Importer(815301076,1909f56bfc062723c751e8b465ee728b)
Start importing Assets/Sprites/queen_of_clubs2.png using Guid(db0c57e8a3a2cbf43b9e875282958421) Importer(815301076,1909f56bfc062723c751e8b465ee728b)  -> (artifact id: '95ce6ecbafea0f9d93578a2afcd903f0') in 0.037568 seconds
  Import took 0.088053 seconds .

========================================================================
Received Import Request.
  Time since last request: 0.000344 seconds.
  path: Assets/Sprites/red back.png
  artifactKey: Guid(fa045cd8f96ddbf4ca0443284f64e6bd) Importer(815301076,1909f56bfc062723c751e8b465ee728b)
Start importing Assets/Sprites/red back.png using Guid(fa045cd8f96ddbf4ca0443284f64e6bd) Importer(815301076,1909f56bfc062723c751e8b465ee728b)  -> (artifact id: '0c28c768059afceb14922816a3c2d4b2') in 0.039391 seconds
  Import took 0.055995 seconds .

========================================================================
Received Import Request.
  Time since last request: 0.000367 seconds.
  path: Assets/Sprites/queen_of_hearts.png
  artifactKey: Guid(8067bca612e3cdb4fada2c728fd7e692) Importer(815301076,1909f56bfc062723c751e8b465ee728b)
Start importing Assets/Sprites/queen_of_hearts.png using Guid(8067bca612e3cdb4fada2c728fd7e692) Importer(815301076,1909f56bfc062723c751e8b465ee728b)  -> (artifact id: '2076e64b240f7bc3fc17a41b41b10b0e') in 0.065226 seconds
  Import took 0.072978 seconds .

========================================================================
Received Import Request.
  Time since last request: 0.000340 seconds.
  path: Assets/Sprites/queen_of_spades.png
  artifactKey: Guid(57c71ffafb8f4c748a827f592048be78) Importer(815301076,1909f56bfc062723c751e8b465ee728b)
Start importing Assets/Sprites/queen_of_spades.png using Guid(57c71ffafb8f4c748a827f592048be78) Importer(815301076,1909f56bfc062723c751e8b465ee728b)  -> (artifact id: '046c0bd610d48c6de66a36d9f3c5e000') in 0.077628 seconds
  Import took 0.083668 seconds .

========================================================================
Received Import Request.
  Time since last request: 0.000346 seconds.
  path: Assets/Sprites/queen_of_clubs.png
  artifactKey: Guid(fca399d9dd8c97443a56a7065919c129) Importer(815301076,1909f56bfc062723c751e8b465ee728b)
Start importing Assets/Sprites/queen_of_clubs.png using Guid(fca399d9dd8c97443a56a7065919c129) Importer(815301076,1909f56bfc062723c751e8b465ee728b)  -> (artifact id: 'de3dda8dd22719a781671ca2ee1aeba2') in 0.086794 seconds
  Import took 0.091107 seconds .

========================================================================
Received Import Request.
  Time since last request: 0.000293 seconds.
  path: Assets/Sprites/queen_of_spades2.png
  artifactKey: Guid(098487e238f946f4187d19bac06fd18b) Importer(815301076,1909f56bfc062723c751e8b465ee728b)
Start importing Assets/Sprites/queen_of_spades2.png using Guid(098487e238f946f4187d19bac06fd18b) Importer(815301076,1909f56bfc062723c751e8b465ee728b)  -> (artifact id: '66af73905a3722e73e95e43c81031000') in 0.034584 seconds
  Import took 0.112987 seconds .

========================================================================
Received Import Request.
  Time since last request: 0.000364 seconds.
  path: Assets/Sprites/queen_of_diamonds2.png
  artifactKey: Guid(647ac3ab593eb0c45867412419785b5f) Importer(815301076,1909f56bfc062723c751e8b465ee728b)
Start importing Assets/Sprites/queen_of_diamonds2.png using Guid(647ac3ab593eb0c45867412419785b5f) Importer(815301076,1909f56bfc062723c751e8b465ee728b)  -> (artifact id: 'da39e4b01bd37bc340902c1f43b4bbdc') in 0.041004 seconds
  Import took 0.045650 seconds .

========================================================================
Received Import Request.
  Time since last request: 0.000324 seconds.
  path: Assets/Sprites/queen_of_diamonds.png
  artifactKey: Guid(0bfda8c6666d2d84387a6222a037f0e5) Importer(815301076,1909f56bfc062723c751e8b465ee728b)
Start importing Assets/Sprites/queen_of_diamonds.png using Guid(0bfda8c6666d2d84387a6222a037f0e5) Importer(815301076,1909f56bfc062723c751e8b465ee728b)  -> (artifact id: '0f27558191dc2ceecd07638a02ad769f') in 0.091947 seconds
  Import took 0.112277 seconds .

========================================================================
Received Import Request.
  Time since last request: 0.000265 seconds.
  path: Assets/Sprites/queen_of_hearts2.png
  artifactKey: Guid(236a4f2c8787f594fbc29c3d7fb05ec7) Importer(815301076,1909f56bfc062723c751e8b465ee728b)
Start importing Assets/Sprites/queen_of_hearts2.png using Guid(236a4f2c8787f594fbc29c3d7fb05ec7) Importer(815301076,1909f56bfc062723c751e8b465ee728b)  -> (artifact id: '545959c19d64846866e41f7af0d5cd1e') in 0.035404 seconds
  Import took 0.040326 seconds .

========================================================================
Received Prepare
Registering precompiled user dll's ...
Registered in 0.019255 seconds.
Begin MonoManager ReloadAssembly
Native extension for WindowsStandalone target not found
Native extension for WebGL target not found
Refreshing native plugins compatible for Editor in 0.44 ms, found 1 plugins.
Preloading 0 native plugins for Editor in 0.00 ms.
Invoked RoslynAnalysisRunner static constructor.
RoslynAnalysisRunner will not be running.
RoslynAnalysisRunner has terminated.
Mono: successfully reloaded assembly
- Completed reload, in  1.699 seconds
Platform modules already initialized, skipping
Refreshing native plugins compatible for Editor in 0.48 ms, found 1 plugins.
Preloading 0 native plugins for Editor in 0.00 ms.
Unloading 2013 Unused Serialized files (Serialized files now loaded: 0)
System memory in use before: 97.7 MB.
System memory in use after: 97.9 MB.

Unloading 13 unused Assets to reduce memory usage. Loaded Objects now: 2550.
Total: 2.464900 ms (FindLiveObjects: 0.324000 ms CreateObjectMapping: 0.098500 ms MarkObjects: 2.020700 ms  DeleteObjects: 0.020300 ms)

========================================================================
Received Prepare
Registering precompiled user dll's ...
Registered in 0.020568 seconds.
Begin MonoManager ReloadAssembly
Native extension for WindowsStandalone target not found
Native extension for WebGL target not found
Refreshing native plugins compatible for Editor in 0.47 ms, found 1 plugins.
Preloading 0 native plugins for Editor in 0.00 ms.
Invoked RoslynAnalysisRunner static constructor.
RoslynAnalysisRunner will not be running.
RoslynAnalysisRunner has terminated.
Mono: successfully reloaded assembly
- Completed reload, in  1.687 seconds
Platform modules already initialized, skipping
Refreshing native plugins compatible for Editor in 0.57 ms, found 1 plugins.
Preloading 0 native plugins for Editor in 0.00 ms.
Unloading 2013 Unused Serialized files (Serialized files now loaded: 0)
System memory in use before: 97.0 MB.
System memory in use after: 97.1 MB.

Unloading 13 unused Assets to reduce memory usage. Loaded Objects now: 2552.
Total: 2.822300 ms (FindLiveObjects: 0.421900 ms CreateObjectMapping: 0.232600 ms MarkObjects: 2.111800 ms  DeleteObjects: 0.054500 ms)

========================================================================
Received Prepare
Registering precompiled user dll's ...
Registered in 0.018614 seconds.
Begin MonoManager ReloadAssembly
Native extension for WindowsStandalone target not found
Native extension for WebGL target not found
Refreshing native plugins compatible for Editor in 0.52 ms, found 1 plugins.
Preloading 0 native plugins for Editor in 0.00 ms.
Invoked RoslynAnalysisRunner static constructor.
RoslynAnalysisRunner will not be running.
RoslynAnalysisRunner has terminated.
Mono: successfully reloaded assembly
- Completed reload, in  1.734 seconds
Platform modules already initialized, skipping
Refreshing native plugins compatible for Editor in 0.69 ms, found 1 plugins.
Preloading 0 native plugins for Editor in 0.00 ms.
Unloading 2013 Unused Serialized files (Serialized files now loaded: 0)
System memory in use before: 97.2 MB.
System memory in use after: 97.3 MB.

Unloading 13 unused Assets to reduce memory usage. Loaded Objects now: 2554.
Total: 2.348400 ms (FindLiveObjects: 0.226600 ms CreateObjectMapping: 0.106900 ms MarkObjects: 1.995700 ms  DeleteObjects: 0.018100 ms)

========================================================================
Received Import Request.
  Time since last request: 1042.525430 seconds.
  path: Assets/Scenes/Online.unity
  artifactKey: Guid(00693d29d364ccb4d899ac962dae24e8) Importer(815301076,1909f56bfc062723c751e8b465ee728b)
Start importing Assets/Scenes/Online.unity using Guid(00693d29d364ccb4d899ac962dae24e8) Importer(815301076,1909f56bfc062723c751e8b465ee728b)  -> (artifact id: 'f518f1454ffaf29d0f8b8cedc39a3042') in 0.024056 seconds
  Import took 0.341687 seconds .

========================================================================
Received Prepare
Registering precompiled user dll's ...
Registered in 0.020702 seconds.
Begin MonoManager ReloadAssembly
Native extension for WindowsStandalone target not found
Native extension for WebGL target not found
Refreshing native plugins compatible for Editor in 0.50 ms, found 1 plugins.
Preloading 0 native plugins for Editor in 0.00 ms.
Invoked RoslynAnalysisRunner static constructor.
RoslynAnalysisRunner will not be running.
RoslynAnalysisRunner has terminated.
Mono: successfully reloaded assembly
- Completed reload, in  2.076 seconds
Platform modules already initialized, skipping
Refreshing native plugins compatible for Editor in 0.68 ms, found 1 plugins.
Preloading 0 native plugins for Editor in 0.00 ms.
Unloading 2013 Unused Serialized files (Serialized files now loaded: 0)
System memory in use before: 97.4 MB.
System memory in use after: 97.5 MB.

Unloading 13 unused Assets to reduce memory usage. Loaded Objects now: 2556.
Total: 2.578100 ms (FindLiveObjects: 0.384500 ms CreateObjectMapping: 0.172200 ms MarkObjects: 1.974300 ms  DeleteObjects: 0.045800 ms)

========================================================================
Received Prepare
Registering precompiled user dll's ...
Registered in 0.018405 seconds.
Begin MonoManager ReloadAssembly
Native extension for WindowsStandalone target not found
Native extension for WebGL target not found
Refreshing native plugins compatible for Editor in 0.58 ms, found 1 plugins.
Preloading 0 native plugins for Editor in 0.00 ms.
Invoked RoslynAnalysisRunner static constructor.
RoslynAnalysisRunner will not be running.
RoslynAnalysisRunner has terminated.
Mono: successfully reloaded assembly
- Completed reload, in  2.103 seconds
Platform modules already initialized, skipping
Refreshing native plugins compatible for Editor in 0.62 ms, found 1 plugins.
Preloading 0 native plugins for Editor in 0.00 ms.
Unloading 2013 Unused Serialized files (Serialized files now loaded: 0)
System memory in use before: 97.6 MB.
System memory in use after: 97.7 MB.

Unloading 13 unused Assets to reduce memory usage. Loaded Objects now: 2558.
Total: 3.151400 ms (FindLiveObjects: 0.241900 ms CreateObjectMapping: 0.097000 ms MarkObjects: 2.791700 ms  DeleteObjects: 0.019400 ms)

========================================================================
Received Prepare
Registering precompiled user dll's ...
Registered in 0.019299 seconds.
Begin MonoManager ReloadAssembly
Native extension for WindowsStandalone target not found
Native extension for WebGL target not found
Refreshing native plugins compatible for Editor in 0.46 ms, found 1 plugins.
Preloading 0 native plugins for Editor in 0.00 ms.
Invoked RoslynAnalysisRunner static constructor.
RoslynAnalysisRunner will not be running.
RoslynAnalysisRunner has terminated.
Mono: successfully reloaded assembly
- Completed reload, in  2.170 seconds
Platform modules already initialized, skipping
Refreshing native plugins compatible for Editor in 0.47 ms, found 1 plugins.
Preloading 0 native plugins for Editor in 0.00 ms.
Unloading 2013 Unused Serialized files (Serialized files now loaded: 0)
System memory in use before: 97.8 MB.
System memory in use after: 97.9 MB.

Unloading 13 unused Assets to reduce memory usage. Loaded Objects now: 2560.
Total: 2.616100 ms (FindLiveObjects: 0.230100 ms CreateObjectMapping: 0.109500 ms MarkObjects: 2.253600 ms  DeleteObjects: 0.021400 ms)

========================================================================
Received Prepare
Refreshing native plugins compatible for Editor in 15.17 ms, found 1 plugins.
Preloading 0 native plugins for Editor in 0.00 ms.
Unloading 10 Unused Serialized files (Serialized files now loaded: 0)
System memory in use before: 57.9 MB.
System memory in use after: 58.0 MB.

Unloading 10 unused Assets to reduce memory usage. Loaded Objects now: 2560.
Total: 2.277800 ms (FindLiveObjects: 0.236200 ms CreateObjectMapping: 0.172800 ms MarkObjects: 1.851400 ms  DeleteObjects: 0.015800 ms)

========================================================================
Received Prepare
Registering precompiled user dll's ...
Registered in 0.026709 seconds.
Begin MonoManager ReloadAssembly
Native extension for WindowsStandalone target not found
Native extension for WebGL target not found
Refreshing native plugins compatible for Editor in 0.99 ms, found 1 plugins.
Preloading 0 native plugins for Editor in 0.00 ms.
Invoked RoslynAnalysisRunner static constructor.
RoslynAnalysisRunner will not be running.
RoslynAnalysisRunner has terminated.
Mono: successfully reloaded assembly
- Completed reload, in  2.191 seconds
Platform modules already initialized, skipping
Refreshing native plugins compatible for Editor in 0.52 ms, found 1 plugins.
Preloading 0 native plugins for Editor in 0.00 ms.
Unloading 2013 Unused Serialized files (Serialized files now loaded: 0)
System memory in use before: 97.2 MB.
System memory in use after: 97.3 MB.

Unloading 13 unused Assets to reduce memory usage. Loaded Objects now: 2562.
Total: 3.485600 ms (FindLiveObjects: 0.437700 ms CreateObjectMapping: 0.266200 ms MarkObjects: 2.754300 ms  DeleteObjects: 0.023800 ms)

========================================================================
Received Prepare
Refreshing native plugins compatible for Editor in 15.59 ms, found 1 plugins.
Preloading 0 native plugins for Editor in 0.00 ms.
Unloading 10 Unused Serialized files (Serialized files now loaded: 0)
System memory in use before: 57.5 MB.
System memory in use after: 57.6 MB.

Unloading 10 unused Assets to reduce memory usage. Loaded Objects now: 2562.
Total: 2.910200 ms (FindLiveObjects: 0.262400 ms CreateObjectMapping: 0.212700 ms MarkObjects: 2.415000 ms  DeleteObjects: 0.018300 ms)

========================================================================
Received Prepare
Registering precompiled user dll's ...
Registered in 0.022006 seconds.
Begin MonoManager ReloadAssembly
Native extension for WindowsStandalone target not found
Native extension for WebGL target not found
Refreshing native plugins compatible for Editor in 0.83 ms, found 1 plugins.
Preloading 0 native plugins for Editor in 0.00 ms.
Invoked RoslynAnalysisRunner static constructor.
RoslynAnalysisRunner will not be running.
RoslynAnalysisRunner has terminated.
Mono: successfully reloaded assembly
- Completed reload, in  2.192 seconds
Platform modules already initialized, skipping
Refreshing native plugins compatible for Editor in 0.50 ms, found 1 plugins.
Preloading 0 native plugins for Editor in 0.00 ms.
Unloading 2013 Unused Serialized files (Serialized files now loaded: 0)
System memory in use before: 97.6 MB.
System memory in use after: 97.7 MB.

Unloading 13 unused Assets to reduce memory usage. Loaded Objects now: 2564.
Total: 2.993300 ms (FindLiveObjects: 0.226300 ms CreateObjectMapping: 0.088300 ms MarkObjects: 2.642000 ms  DeleteObjects: 0.034900 ms)

========================================================================
Received Prepare
Registering precompiled user dll's ...
Registered in 0.017239 seconds.
Begin MonoManager ReloadAssembly
Native extension for WindowsStandalone target not found
Native extension for WebGL target not found
Refreshing native plugins compatible for Editor in 0.44 ms, found 1 plugins.
Preloading 0 native plugins for Editor in 0.00 ms.
Invoked RoslynAnalysisRunner static constructor.
RoslynAnalysisRunner will not be running.
RoslynAnalysisRunner has terminated.
Mono: successfully reloaded assembly
- Completed reload, in  1.613 seconds
Platform modules already initialized, skipping
Refreshing native plugins compatible for Editor in 0.50 ms, found 1 plugins.
Preloading 0 native plugins for Editor in 0.00 ms.
Unloading 2013 Unused Serialized files (Serialized files now loaded: 0)
System memory in use before: 97.8 MB.
System memory in use after: 97.9 MB.

Unloading 13 unused Assets to reduce memory usage. Loaded Objects now: 2566.
Total: 2.633900 ms (FindLiveObjects: 0.235000 ms CreateObjectMapping: 0.103000 ms MarkObjects: 2.227700 ms  DeleteObjects: 0.066900 ms)

========================================================================
Received Prepare
Refreshing native plugins compatible for Editor in 15.13 ms, found 1 plugins.
Preloading 0 native plugins for Editor in 0.00 ms.
Unloading 10 Unused Serialized files (Serialized files now loaded: 0)
System memory in use before: 57.9 MB.
System memory in use after: 58.1 MB.

Unloading 10 unused Assets to reduce memory usage. Loaded Objects now: 2566.
Total: 2.524200 ms (FindLiveObjects: 0.334800 ms CreateObjectMapping: 0.124400 ms MarkObjects: 2.027800 ms  DeleteObjects: 0.035300 ms)

========================================================================
Received Prepare
Registering precompiled user dll's ...
Registered in 0.017805 seconds.
Begin MonoManager ReloadAssembly
Native extension for WindowsStandalone target not found
Native extension for WebGL target not found
Refreshing native plugins compatible for Editor in 0.63 ms, found 1 plugins.
Preloading 0 native plugins for Editor in 0.00 ms.
Invoked RoslynAnalysisRunner static constructor.
RoslynAnalysisRunner will not be running.
RoslynAnalysisRunner has terminated.
Mono: successfully reloaded assembly
- Completed reload, in  2.166 seconds
Platform modules already initialized, skipping
Refreshing native plugins compatible for Editor in 0.72 ms, found 1 plugins.
Preloading 0 native plugins for Editor in 0.00 ms.
Unloading 2013 Unused Serialized files (Serialized files now loaded: 0)
System memory in use before: 97.2 MB.
System memory in use after: 97.3 MB.

Unloading 13 unused Assets to reduce memory usage. Loaded Objects now: 2568.
Total: 3.030600 ms (FindLiveObjects: 0.290800 ms CreateObjectMapping: 0.179100 ms MarkObjects: 2.526000 ms  DeleteObjects: 0.033500 ms)

