Using pre-set license
Built from '2020.2/release' branch; Version is '2020.2.1f1 (270dd8c3da1c) revision 2559448'; Using compiler version '192528614'; Build Type 'Release'
OS: 'Windows 10  (10.0.0) 64bit' Language: 'pt' Physical Memory: 16244 MB
BatchMode: 1, IsHumanControllingUs: 0, StartBugReporterOnCrash: 0, Is64bit: 1, IsPro: 0

 COMMAND LINE ARGUMENTS:
C:\Program Files (x86)\2020.2.1f1\Editor\Unity.exe
-adb2
-batchMode
-noUpm
-name
AssetImportWorker0
-projectPath
D:/Arquivos/Documentos/Udemy/Unity 2D/Repos/Unity 2D/Cartilha
-logFile
Logs/AssetImportWorker0.log
-srvPort
10307
Successfully changed project path to: D:/Arquivos/Documentos/Udemy/Unity 2D/Repos/Unity 2D/Cartilha
D:/Arquivos/Documentos/Udemy/Unity 2D/Repos/Unity 2D/Cartilha
Using Asset Import Pipeline V2.
Refreshing native plugins compatible for Editor in 68.90 ms, found 1 plugins.
Preloading 0 native plugins for Editor in 0.00 ms.
Initialize engine version: 2020.2.1f1 (270dd8c3da1c)
[Subsystems] Discovering subsystems at path C:/Program Files (x86)/2020.2.1f1/Editor/Data/Resources/UnitySubsystems
[Subsystems] Discovering subsystems at path D:/Arquivos/Documentos/Udemy/Unity 2D/Repos/Unity 2D/Cartilha/Assets
GfxDevice: creating device client; threaded=0
Direct3D:
    Version:  Direct3D 11.0 [level 11.1]
    Renderer: NVIDIA GeForce GTX 1060 (ID=0x1c20)
    Vendor:   
    VRAM:     6052 MB
    Driver:   27.21.14.6109
Initialize mono
Mono path[0] = 'C:/Program Files (x86)/2020.2.1f1/Editor/Data/Managed'
Mono path[1] = 'C:/Program Files (x86)/2020.2.1f1/Editor/Data/MonoBleedingEdge/lib/mono/unityjit'
Mono config path = 'C:/Program Files (x86)/2020.2.1f1/Editor/Data/MonoBleedingEdge/etc'
Using monoOptions --debugger-agent=transport=dt_socket,embedding=1,server=y,suspend=n,address=127.0.0.1:56580
Begin MonoManager ReloadAssembly
Registering precompiled unity dll's ...
Register platform support module: C:/Program Files (x86)/2020.2.1f1/Editor/Data/PlaybackEngines/WebGLSupport/UnityEditor.WebGL.Extensions.dll
Register platform support module: C:/Program Files (x86)/2020.2.1f1/Editor/Data/PlaybackEngines/WindowsStandaloneSupport/UnityEditor.WindowsStandalone.Extensions.dll
Registered in 0.017927 seconds.
Native extension for WindowsStandalone target not found
Native extension for WebGL target not found
Refreshing native plugins compatible for Editor in 57.35 ms, found 1 plugins.
Preloading 0 native plugins for Editor in 0.00 ms.
Invoked RoslynAnalysisRunner static constructor.
RoslynAnalysisRunner will not be running.
RoslynAnalysisRunner has terminated.
Mono: successfully reloaded assembly
- Completed reload, in  8.310 seconds
Platform modules already initialized, skipping
Registering precompiled user dll's ...
Registered in 0.017906 seconds.
Begin MonoManager ReloadAssembly
Native extension for WindowsStandalone target not found
Native extension for WebGL target not found
Refreshing native plugins compatible for Editor in 50.92 ms, found 1 plugins.
Preloading 0 native plugins for Editor in 0.00 ms.
Invoked RoslynAnalysisRunner static constructor.
RoslynAnalysisRunner will not be running.
RoslynAnalysisRunner has terminated.
Find all reader and writers took 200 milliseconds
Script Module: UnityEngine.UI.dll
Weave behaviours and messages took94 milliseconds
Find all reader and writers took 173 milliseconds
Script Module: UnityEngine.TestRunner.dll
Weave behaviours and messages took26 milliseconds
Find all reader and writers took 179 milliseconds
Script Module: Unity.Mathematics.dll
Weave behaviours and messages took180 milliseconds
Find all reader and writers took 159 milliseconds
Script Module: Unity.2D.Animation.Triangle.Runtime.dll
Weave behaviours and messages took34 milliseconds
Find all reader and writers took 172 milliseconds
Script Module: SimpleWebTransport.dll
Weave behaviours and messages took5 milliseconds
Find all reader and writers took 178 milliseconds
Script Module: Unity.Timeline.dll
Weave behaviours and messages took30 milliseconds
Find all reader and writers took 181 milliseconds
Script Module: Mirror.Examples.dll
[Projectile] NetworkBehaviourProcessor
[Tank] NetworkBehaviourProcessor
[NetworkRoomPlayer] NetworkBehaviourProcessor
[NetworkRoomPlayerExt] NetworkBehaviourProcessor
[PlayerController] NetworkBehaviourProcessor
[PlayerScore] NetworkBehaviourProcessor
[RandomColor] NetworkBehaviourProcessor
[Reward] NetworkBehaviourProcessor
[AddForce] NetworkBehaviourProcessor
[Ball] NetworkBehaviourProcessor
[Player] NetworkBehaviourProcessor
[MatchController] NetworkBehaviourProcessor
[PhysicsCollision] NetworkBehaviourProcessor
[PlayerController] NetworkBehaviourProcessor
[PlayerScore] NetworkBehaviourProcessor
[RandomColor] NetworkBehaviourProcessor
[Reward] NetworkBehaviourProcessor
[Player] NetworkBehaviourProcessor
[MonsterMovement] NetworkBehaviourProcessor
[PlayerMovement] NetworkBehaviourProcessor
[Player] NetworkBehaviourProcessor
[PlayerController] NetworkBehaviourProcessor
[RandomColor] NetworkBehaviourProcessor
[ShootingTankBehaviour] NetworkBehaviourProcessor
Weave behaviours and messages took35 milliseconds
  ProcessSitesModule Mirror.Examples.dll elapsed time:00:00:00.0109538
Find all reader and writers took 172 milliseconds
Script Module: Mirror.Components.dll
[NetworkAnimator] NetworkBehaviourProcessor
[NetworkRoomPlayer] NetworkBehaviourProcessor
[NetworkLobbyPlayer] NetworkBehaviourProcessor
[NetworkVisibility] NetworkBehaviourProcessor
[NetworkVisibility] Found NetworkBehaviour Mirror.NetworkVisibility
[NetworkVisibility] Process Start
[NetworkVisibility]   GenerateSerialization
[NetworkVisibility]   GenerateDeSerialization
[NetworkVisibility] Process Done
[NetworkMatchChecker] NetworkBehaviourProcessor
[NetworkVisibility] NetworkBehaviourProcessor
[NetworkProximityChecker] NetworkBehaviourProcessor
[NetworkRoomPlayer] NetworkBehaviourProcessor
[NetworkVisibility] NetworkBehaviourProcessor
[NetworkSceneChecker] NetworkBehaviourProcessor
[NetworkTransformBase] NetworkBehaviourProcessor
[NetworkTransform] NetworkBehaviourProcessor
[NetworkTransformBase] NetworkBehaviourProcessor
[NetworkTransformBase] NetworkBehaviourProcessor
[NetworkTransformChild] NetworkBehaviourProcessor
[NetworkLerpRigidbody] NetworkBehaviourProcessor
[NetworkRigidbody] NetworkBehaviourProcessor
[NetworkRigidbody2D] NetworkBehaviourProcessor
[NetworkTransformBase] NetworkBehaviourProcessor
[NetworkTransform] NetworkBehaviourProcessor
[NetworkTransformBase] NetworkBehaviourProcessor
[NetworkTransformBase] NetworkBehaviourProcessor
[NetworkTransformChild] NetworkBehaviourProcessor
Weave behaviours and messages took35 milliseconds
  ProcessSitesModule Mirror.Components.dll elapsed time:00:00:00.0020366
Find all reader and writers took 201 milliseconds
Script Module: Unity.TextMeshPro.dll
Weave behaviours and messages took92 milliseconds
Find all reader and writers took 170 milliseconds
Script Module: Unity.2D.Animation.Runtime.dll
Weave behaviours and messages took7 milliseconds
Find all reader and writers took 174 milliseconds
Script Module: Unity.2D.IK.Runtime.dll
Weave behaviours and messages took3 milliseconds
Find all reader and writers took 179 milliseconds
Script Module: Unity.2D.SpriteShape.Runtime.dll
Weave behaviours and messages took36 milliseconds
Find all reader and writers took 164 milliseconds
Script Module: Telepathy.dll
Weave behaviours and messages took1 milliseconds
Find all reader and writers took 173 milliseconds
Script Module: Mirror.Authenticators.dll
Weave behaviours and messages took10 milliseconds
  ProcessSitesModule Mirror.Authenticators.dll elapsed time:00:00:00.0009974
Find all reader and writers took 179 milliseconds
Script Module: Unity.2D.PixelPerfect.dll
Weave behaviours and messages took1 milliseconds
Find all reader and writers took 173 milliseconds
Script Module: Mirror.Examples.Cloud.GUI.dll
Weave behaviours and messages took8 milliseconds
Find all reader and writers took 176 milliseconds
Script Module: Mirror.Cloud.dll
Weave behaviours and messages took2 milliseconds
Find all reader and writers took 165 milliseconds
Script Module: kcp2k.dll
Weave behaviours and messages took3 milliseconds
Find all reader and writers took 177 milliseconds
Script Module: Assembly-CSharp.dll
[Player] NetworkBehaviourProcessor
Weave behaviours and messages took11 milliseconds
  ProcessSitesModule Assembly-CSharp.dll elapsed time:00:00:00
Find all reader and writers took 187 milliseconds
Script Module: Mirror.Examples.Cloud.Pong.dll
[Ball] NetworkBehaviourProcessor
[BallManager] NetworkBehaviourProcessor
[Player] NetworkBehaviourProcessor
Weave behaviours and messages took13 milliseconds
  ProcessSitesModule Mirror.Examples.Cloud.Pong.dll elapsed time:00:00:00
Find all reader and writers took 170 milliseconds
Script Module: Unity.2D.Common.Runtime.dll
Weave behaviours and messages took0 milliseconds
Find all reader and writers took 178 milliseconds
Script Module: Unity.InternalAPIEngineBridge.001.dll
Weave behaviours and messages took0 milliseconds
Find all reader and writers took 249 milliseconds
Script Module: UnityEditor.TestRunner.dll
Weave behaviours and messages took44 milliseconds
Find all reader and writers took 211 milliseconds
Script Module: UnityEditor.UI.dll
Weave behaviours and messages took13 milliseconds
Find all reader and writers took 183 milliseconds
Script Module: PsdPlugin.dll
Weave behaviours and messages took17 milliseconds
Find all reader and writers took 184 milliseconds
Script Module: Mirror.CompilerSymbols.dll
Weave behaviours and messages took0 milliseconds
Find all reader and writers took 211 milliseconds
Script Module: Unity.InternalAPIEditorBridge.001.dll
Weave behaviours and messages took1 milliseconds
Mono: successfully reloaded assembly
- Completed reload, in 14.702 seconds
Platform modules already initialized, skipping
========================================================================
Worker process is ready to serve import requests
Launched and connected shader compiler UnityShaderCompiler.exe after 0.16 seconds
Refreshing native plugins compatible for Editor in 0.51 ms, found 1 plugins.
Preloading 0 native plugins for Editor in 0.00 ms.
Unloading 2034 Unused Serialized files (Serialized files now loaded: 0)
System memory in use before: 93.3 MB.
System memory in use after: 93.4 MB.

Unloading 24 unused Assets to reduce memory usage. Loaded Objects now: 2478.
Total: 4.274300 ms (FindLiveObjects: 0.205900 ms CreateObjectMapping: 0.081800 ms MarkObjects: 3.881900 ms  DeleteObjects: 0.103500 ms)

========================================================================
Received Import Request.
  path: Assets/Scripts/CartilhaOnline.cs
  artifactKey: Guid(2b26ce778b7bc4e4d9170a47f9a2d80e) Importer(815301076,1909f56bfc062723c751e8b465ee728b)
Start importing Assets/Scripts/CartilhaOnline.cs using Guid(2b26ce778b7bc4e4d9170a47f9a2d80e) Importer(815301076,1909f56bfc062723c751e8b465ee728b)  -> (artifact id: 'dfe00dfc97ffb9f26655641cc2072029') in 0.177828 seconds
  Import took 0.181744 seconds .

========================================================================
Received Import Request.
  Time since last request: 4.386209 seconds.
  path: Assets/Sprites/2_of_clubs.png
  artifactKey: Guid(97b0dc97bc13e404ab2ab6db9ed7248b) Importer(815301076,1909f56bfc062723c751e8b465ee728b)
Start importing Assets/Sprites/2_of_clubs.png using Guid(97b0dc97bc13e404ab2ab6db9ed7248b) Importer(815301076,1909f56bfc062723c751e8b465ee728b)  -> (artifact id: 'b73a7893133b22ff37dda2b9a8074d91') in 0.335002 seconds
  Import took 0.350364 seconds .

========================================================================
Received Import Request.
  Time since last request: 0.000748 seconds.
  path: Assets/Sprites/2_of_diamonds.png
  artifactKey: Guid(f2e9a8988a5fc374d9cb26a350df7ac2) Importer(815301076,1909f56bfc062723c751e8b465ee728b)
Start importing Assets/Sprites/2_of_diamonds.png using Guid(f2e9a8988a5fc374d9cb26a350df7ac2) Importer(815301076,1909f56bfc062723c751e8b465ee728b)  -> (artifact id: '6864ee44425d39906a07bfbac8a0fc65') in 0.110143 seconds
  Import took 0.115836 seconds .

========================================================================
Received Import Request.
  Time since last request: 0.000329 seconds.
  path: Assets/Sprites/3_of_spades.png
  artifactKey: Guid(12f215f5d3cb3c644bcfc99f863e5e59) Importer(815301076,1909f56bfc062723c751e8b465ee728b)
Start importing Assets/Sprites/3_of_spades.png using Guid(12f215f5d3cb3c644bcfc99f863e5e59) Importer(815301076,1909f56bfc062723c751e8b465ee728b)  -> (artifact id: '99c61382a0bac482bbaecfb4c28e0790') in 0.084908 seconds
  Import took 0.090818 seconds .

========================================================================
Received Import Request.
  Time since last request: 0.000545 seconds.
  path: Assets/Sprites/4_of_spades.png
  artifactKey: Guid(931490b039eed124193ea3476eb0bfb2) Importer(815301076,1909f56bfc062723c751e8b465ee728b)
Start importing Assets/Sprites/4_of_spades.png using Guid(931490b039eed124193ea3476eb0bfb2) Importer(815301076,1909f56bfc062723c751e8b465ee728b)  -> (artifact id: '086e3bbff93edff4ed95c1f3aad45b20') in 0.093961 seconds
  Import took 0.098627 seconds .

========================================================================
Received Import Request.
  Time since last request: 0.000424 seconds.
  path: Assets/Sprites/3_of_hearts.png
  artifactKey: Guid(c376aa223182a214f912ae1c79e8e6fe) Importer(815301076,1909f56bfc062723c751e8b465ee728b)
Start importing Assets/Sprites/3_of_hearts.png using Guid(c376aa223182a214f912ae1c79e8e6fe) Importer(815301076,1909f56bfc062723c751e8b465ee728b)  -> (artifact id: '64926291fed5ae6ecf476d0ed7ae2ec2') in 0.051012 seconds
  Import took 0.076362 seconds .

========================================================================
Received Import Request.
  Time since last request: 0.000491 seconds.
  path: Assets/Sprites/4_of_diamonds.png
  artifactKey: Guid(798fbc65adb35fa4baf99530c8bd61de) Importer(815301076,1909f56bfc062723c751e8b465ee728b)
Start importing Assets/Sprites/4_of_diamonds.png using Guid(798fbc65adb35fa4baf99530c8bd61de) Importer(815301076,1909f56bfc062723c751e8b465ee728b)  -> (artifact id: '8716e5fcd338ca4aceab8b05f6272635') in 0.075623 seconds
  Import took 0.079708 seconds .

========================================================================
Received Import Request.
  Time since last request: 0.000308 seconds.
  path: Assets/Sprites/6_of_spades.png
  artifactKey: Guid(ef8e4d5f56088f24d9638bc26e83312e) Importer(815301076,1909f56bfc062723c751e8b465ee728b)
Start importing Assets/Sprites/6_of_spades.png using Guid(ef8e4d5f56088f24d9638bc26e83312e) Importer(815301076,1909f56bfc062723c751e8b465ee728b)  -> (artifact id: 'ef26f65a7ebb3b8fee55e307912b66e8') in 0.082186 seconds
  Import took 0.085858 seconds .

========================================================================
Received Import Request.
  Time since last request: 0.000574 seconds.
  path: Assets/Sprites/5_of_diamonds.png
  artifactKey: Guid(d55ce57ee2a28aa4e8a45fe3c8b03461) Importer(815301076,1909f56bfc062723c751e8b465ee728b)
Start importing Assets/Sprites/5_of_diamonds.png using Guid(d55ce57ee2a28aa4e8a45fe3c8b03461) Importer(815301076,1909f56bfc062723c751e8b465ee728b)  -> (artifact id: '3ca4dc39adc2949faa8344d1873f5827') in 0.096110 seconds
  Import took 0.101108 seconds .

========================================================================
Received Import Request.
  Time since last request: 0.000530 seconds.
  path: Assets/Sprites/5_of_hearts.png
  artifactKey: Guid(5a16e45cb04513d4da63cd971f6d5ba7) Importer(815301076,1909f56bfc062723c751e8b465ee728b)
Start importing Assets/Sprites/5_of_hearts.png using Guid(5a16e45cb04513d4da63cd971f6d5ba7) Importer(815301076,1909f56bfc062723c751e8b465ee728b)  -> (artifact id: 'f0c50c9c89ca4cae33e98ef346f0b92c') in 0.073825 seconds
  Import took 0.089639 seconds .

========================================================================
Received Import Request.
  Time since last request: 0.000341 seconds.
  path: Assets/Sprites/3_of_diamonds.png
  artifactKey: Guid(85069b2021410b246a5c7e2908df89e5) Importer(815301076,1909f56bfc062723c751e8b465ee728b)
Start importing Assets/Sprites/3_of_diamonds.png using Guid(85069b2021410b246a5c7e2908df89e5) Importer(815301076,1909f56bfc062723c751e8b465ee728b)  -> (artifact id: 'e846f9ab28a4b9f99a99361e21a172a7') in 0.097700 seconds
  Import took 0.101519 seconds .

========================================================================
Received Import Request.
  Time since last request: 0.000386 seconds.
  path: Assets/Sprites/5_of_spades.png
  artifactKey: Guid(0e1b24d407bdd5a4bb9ab3c93af7c0a4) Importer(815301076,1909f56bfc062723c751e8b465ee728b)
Start importing Assets/Sprites/5_of_spades.png using Guid(0e1b24d407bdd5a4bb9ab3c93af7c0a4) Importer(815301076,1909f56bfc062723c751e8b465ee728b)  -> (artifact id: 'f98bb0861b7e365e9ffd5f60387d302a') in 0.088578 seconds
  Import took 0.093513 seconds .

========================================================================
Received Import Request.
  Time since last request: 0.000713 seconds.
  path: Assets/Sprites/5_of_clubs.png
  artifactKey: Guid(0fbfeda04e8ff134e9e0631746d73a27) Importer(815301076,1909f56bfc062723c751e8b465ee728b)
Start importing Assets/Sprites/5_of_clubs.png using Guid(0fbfeda04e8ff134e9e0631746d73a27) Importer(815301076,1909f56bfc062723c751e8b465ee728b)  -> (artifact id: '922f1e3ea400facf429a32dbb011e6d8') in 0.171350 seconds
  Import took 0.176373 seconds .

========================================================================
Received Import Request.
  Time since last request: 0.000340 seconds.
  path: Assets/Sprites/7_of_diamonds.png
  artifactKey: Guid(0d491585cc83f004381d83f70e807f30) Importer(815301076,1909f56bfc062723c751e8b465ee728b)
Start importing Assets/Sprites/7_of_diamonds.png using Guid(0d491585cc83f004381d83f70e807f30) Importer(815301076,1909f56bfc062723c751e8b465ee728b)  -> (artifact id: '7a3d5d1cc46724285d5c34522978cfda') in 0.126471 seconds
  Import took 0.130179 seconds .

========================================================================
Received Import Request.
  Time since last request: 0.000405 seconds.
  path: Assets/Sprites/3_of_clubs.png
  artifactKey: Guid(4c6bcc78da8ae484dae653d1c5197af8) Importer(815301076,1909f56bfc062723c751e8b465ee728b)
Start importing Assets/Sprites/3_of_clubs.png using Guid(4c6bcc78da8ae484dae653d1c5197af8) Importer(815301076,1909f56bfc062723c751e8b465ee728b)  -> (artifact id: 'd35dc4e675388eaf6cda0aaa7f69a512') in 0.117863 seconds
  Import took 0.121707 seconds .

========================================================================
Received Import Request.
  Time since last request: 0.000340 seconds.
  path: Assets/Sprites/2_of_spades.png
  artifactKey: Guid(2c9a2feba9fde944da1ca8672d7cbbad) Importer(815301076,1909f56bfc062723c751e8b465ee728b)
Start importing Assets/Sprites/2_of_spades.png using Guid(2c9a2feba9fde944da1ca8672d7cbbad) Importer(815301076,1909f56bfc062723c751e8b465ee728b)  -> (artifact id: '3c1a3aee08ac71445f02b691aff681da') in 0.075529 seconds
  Import took 0.079542 seconds .

========================================================================
Received Import Request.
  Time since last request: 0.000344 seconds.
  path: Assets/Sprites/6_of_hearts.png
  artifactKey: Guid(de5f599763169754cb35c57ab66fb377) Importer(815301076,1909f56bfc062723c751e8b465ee728b)
Start importing Assets/Sprites/6_of_hearts.png using Guid(de5f599763169754cb35c57ab66fb377) Importer(815301076,1909f56bfc062723c751e8b465ee728b)  -> (artifact id: '137d2c477a465872d9f9d6dd96a554da') in 0.071375 seconds
  Import took 0.075282 seconds .

========================================================================
Received Import Request.
  Time since last request: 0.000343 seconds.
  path: Assets/Sprites/4_of_clubs.png
  artifactKey: Guid(78484e35e03f9ce4f9a1c9304c551d7b) Importer(815301076,1909f56bfc062723c751e8b465ee728b)
Start importing Assets/Sprites/4_of_clubs.png using Guid(78484e35e03f9ce4f9a1c9304c551d7b) Importer(815301076,1909f56bfc062723c751e8b465ee728b)  -> (artifact id: '00b53daaebf8ecf910792dd009b74aae') in 0.084395 seconds
  Import took 0.098823 seconds .

========================================================================
Received Import Request.
  Time since last request: 0.000378 seconds.
  path: Assets/Sprites/4_of_hearts.png
  artifactKey: Guid(4d2ea19820509a24dafe7caf4429f388) Importer(815301076,1909f56bfc062723c751e8b465ee728b)
Start importing Assets/Sprites/4_of_hearts.png using Guid(4d2ea19820509a24dafe7caf4429f388) Importer(815301076,1909f56bfc062723c751e8b465ee728b)  -> (artifact id: '39f392207dd1f71c1752e20dde7e0b9f') in 0.065710 seconds
  Import took 0.069766 seconds .

========================================================================
Received Import Request.
  Time since last request: 0.000467 seconds.
  path: Assets/Sprites/2_of_clubs.png
  artifactKey: Guid(97b0dc97bc13e404ab2ab6db9ed7248b) Importer(815301076,1909f56bfc062723c751e8b465ee728b)
Start importing Assets/Sprites/2_of_clubs.png using Guid(97b0dc97bc13e404ab2ab6db9ed7248b) Importer(815301076,1909f56bfc062723c751e8b465ee728b)  -> (artifact id: 'b73a7893133b22ff37dda2b9a8074d91') in 0.032366 seconds
  Import took 0.036949 seconds .

========================================================================
Received Import Request.
  Time since last request: 0.000533 seconds.
  path: Assets/Sprites/6_of_diamonds.png
  artifactKey: Guid(8e34c4a43e358c84996125bcc6ddbf33) Importer(815301076,1909f56bfc062723c751e8b465ee728b)
Start importing Assets/Sprites/6_of_diamonds.png using Guid(8e34c4a43e358c84996125bcc6ddbf33) Importer(815301076,1909f56bfc062723c751e8b465ee728b)  -> (artifact id: '2be04adf9579ac821541483354d28f9f') in 0.102219 seconds
  Import took 0.125348 seconds .

========================================================================
Received Import Request.
  Time since last request: 0.000356 seconds.
  path: Assets/Sprites/7_of_hearts.png
  artifactKey: Guid(12c7fddce99a2324fb94b887f1aaba5e) Importer(815301076,1909f56bfc062723c751e8b465ee728b)
Start importing Assets/Sprites/7_of_hearts.png using Guid(12c7fddce99a2324fb94b887f1aaba5e) Importer(815301076,1909f56bfc062723c751e8b465ee728b)  -> (artifact id: '941aaa0d5b101c1686bb2f13229b98c3') in 0.108045 seconds
  Import took 0.111603 seconds .

========================================================================
Received Import Request.
  Time since last request: 0.000350 seconds.
  path: Assets/Sprites/2_of_hearts.png
  artifactKey: Guid(324c7b8b41f818442aa6cba5aeec99de) Importer(815301076,1909f56bfc062723c751e8b465ee728b)
Start importing Assets/Sprites/2_of_hearts.png using Guid(324c7b8b41f818442aa6cba5aeec99de) Importer(815301076,1909f56bfc062723c751e8b465ee728b)  -> (artifact id: '1a3e1095721c259621e99ce9d0463965') in 0.080776 seconds
  Import took 0.084839 seconds .

========================================================================
Received Import Request.
  Time since last request: 0.000363 seconds.
  path: Assets/Sprites/6_of_clubs.png
  artifactKey: Guid(088e559e9e0f05947a461b8923954d67) Importer(815301076,1909f56bfc062723c751e8b465ee728b)
Start importing Assets/Sprites/6_of_clubs.png using Guid(088e559e9e0f05947a461b8923954d67) Importer(815301076,1909f56bfc062723c751e8b465ee728b)  -> (artifact id: '10519b168c7b7deb64a8d5192dd582b8') in 0.086055 seconds
  Import took 0.090688 seconds .

========================================================================
Received Import Request.
  Time since last request: 0.000388 seconds.
  path: Assets/Sprites/2_of_hearts.png
  artifactKey: Guid(324c7b8b41f818442aa6cba5aeec99de) Importer(815301076,1909f56bfc062723c751e8b465ee728b)
Start importing Assets/Sprites/2_of_hearts.png using Guid(324c7b8b41f818442aa6cba5aeec99de) Importer(815301076,1909f56bfc062723c751e8b465ee728b)  -> (artifact id: '1a3e1095721c259621e99ce9d0463965') in 0.031430 seconds
  Import took 0.036201 seconds .

========================================================================
Received Import Request.
  Time since last request: 0.000486 seconds.
  path: Assets/Sprites/6_of_clubs.png
  artifactKey: Guid(088e559e9e0f05947a461b8923954d67) Importer(815301076,1909f56bfc062723c751e8b465ee728b)
Start importing Assets/Sprites/6_of_clubs.png using Guid(088e559e9e0f05947a461b8923954d67) Importer(815301076,1909f56bfc062723c751e8b465ee728b)  -> (artifact id: '10519b168c7b7deb64a8d5192dd582b8') in 0.029730 seconds
  Import took 0.035020 seconds .

========================================================================
Received Import Request.
  Time since last request: 0.000511 seconds.
  path: Assets/Sprites/7_of_clubs.png
  artifactKey: Guid(1c05c64c468e21b40922645c69a40bc9) Importer(815301076,1909f56bfc062723c751e8b465ee728b)
Start importing Assets/Sprites/7_of_clubs.png using Guid(1c05c64c468e21b40922645c69a40bc9) Importer(815301076,1909f56bfc062723c751e8b465ee728b)  -> (artifact id: '276b2ef90244dbb22019569a32fe88ef') in 0.071588 seconds
  Import took 0.076808 seconds .

========================================================================
Received Import Request.
  Time since last request: 14405.740422 seconds.
  path: Assets/Scripts/Dealer.cs
  artifactKey: Guid(85829fb4394f8e348b3ea002b5a54c97) Importer(815301076,1909f56bfc062723c751e8b465ee728b)
Start importing Assets/Scripts/Dealer.cs using Guid(85829fb4394f8e348b3ea002b5a54c97) Importer(815301076,1909f56bfc062723c751e8b465ee728b)  -> (artifact id: '6baf0e617471ff5b596d18ddef93aa87') in 0.019700 seconds
  Import took 0.069446 seconds .

========================================================================
Received Prepare
Registering precompiled user dll's ...
Registered in 0.019048 seconds.
Begin MonoManager ReloadAssembly
Native extension for WindowsStandalone target not found
Native extension for WebGL target not found
Refreshing native plugins compatible for Editor in 0.47 ms, found 1 plugins.
Preloading 0 native plugins for Editor in 0.00 ms.
Invoked RoslynAnalysisRunner static constructor.
RoslynAnalysisRunner will not be running.
RoslynAnalysisRunner has terminated.
Mono: successfully reloaded assembly
- Completed reload, in  1.890 seconds
Platform modules already initialized, skipping
Refreshing native plugins compatible for Editor in 0.85 ms, found 1 plugins.
Preloading 0 native plugins for Editor in 0.00 ms.
Unloading 2012 Unused Serialized files (Serialized files now loaded: 0)
System memory in use before: 95.2 MB.
System memory in use after: 95.4 MB.

Unloading 13 unused Assets to reduce memory usage. Loaded Objects now: 2487.
Total: 2.789500 ms (FindLiveObjects: 0.331900 ms CreateObjectMapping: 0.113400 ms MarkObjects: 2.301700 ms  DeleteObjects: 0.041400 ms)

AssetImportWorkerClient::OnTransportError - code=2 error=End of file
