Using pre-set license
Built from '2020.2/release' branch; Version is '2020.2.1f1 (270dd8c3da1c) revision 2559448'; Using compiler version '192528614'; Build Type 'Release'
OS: 'Windows 10  (10.0.0) 64bit' Language: 'pt' Physical Memory: 16244 MB
BatchMode: 1, IsHumanControllingUs: 0, StartBugReporterOnCrash: 0, Is64bit: 1, IsPro: 0

 COMMAND LINE ARGUMENTS:
C:\Program Files (x86)\2020.2.1f1\Editor\Unity.exe
-adb2
-batchMode
-noUpm
-name
AssetImportWorker0
-projectPath
D:/Arquivos/Documentos/Udemy/Unity 2D/Repos/Unity 2D/Cartilha
-logFile
Logs/AssetImportWorker0.log
-srvPort
25021
Successfully changed project path to: D:/Arquivos/Documentos/Udemy/Unity 2D/Repos/Unity 2D/Cartilha
D:/Arquivos/Documentos/Udemy/Unity 2D/Repos/Unity 2D/Cartilha
Using Asset Import Pipeline V2.
Refreshing native plugins compatible for Editor in 62.13 ms, found 1 plugins.
Preloading 0 native plugins for Editor in 0.00 ms.
Initialize engine version: 2020.2.1f1 (270dd8c3da1c)
[Subsystems] Discovering subsystems at path C:/Program Files (x86)/2020.2.1f1/Editor/Data/Resources/UnitySubsystems
[Subsystems] Discovering subsystems at path D:/Arquivos/Documentos/Udemy/Unity 2D/Repos/Unity 2D/Cartilha/Assets
GfxDevice: creating device client; threaded=0
Direct3D:
    Version:  Direct3D 11.0 [level 11.1]
    Renderer: NVIDIA GeForce GTX 1060 (ID=0x1c20)
    Vendor:   
    VRAM:     6052 MB
    Driver:   27.21.14.6109
Initialize mono
Mono path[0] = 'C:/Program Files (x86)/2020.2.1f1/Editor/Data/Managed'
Mono path[1] = 'C:/Program Files (x86)/2020.2.1f1/Editor/Data/MonoBleedingEdge/lib/mono/unityjit'
Mono config path = 'C:/Program Files (x86)/2020.2.1f1/Editor/Data/MonoBleedingEdge/etc'
Using monoOptions --debugger-agent=transport=dt_socket,embedding=1,server=y,suspend=n,address=127.0.0.1:56040
Begin MonoManager ReloadAssembly
Registering precompiled unity dll's ...
Register platform support module: C:/Program Files (x86)/2020.2.1f1/Editor/Data/PlaybackEngines/WebGLSupport/UnityEditor.WebGL.Extensions.dll
Register platform support module: C:/Program Files (x86)/2020.2.1f1/Editor/Data/PlaybackEngines/WindowsStandaloneSupport/UnityEditor.WindowsStandalone.Extensions.dll
Registered in 0.025197 seconds.
Native extension for WindowsStandalone target not found
Native extension for WebGL target not found
Refreshing native plugins compatible for Editor in 57.24 ms, found 1 plugins.
Preloading 0 native plugins for Editor in 0.00 ms.
Invoked RoslynAnalysisRunner static constructor.
RoslynAnalysisRunner will not be running.
RoslynAnalysisRunner has terminated.
Mono: successfully reloaded assembly
- Completed reload, in  9.513 seconds
Platform modules already initialized, skipping
Registering precompiled user dll's ...
Registered in 0.022353 seconds.
Begin MonoManager ReloadAssembly
Native extension for WindowsStandalone target not found
Native extension for WebGL target not found
Refreshing native plugins compatible for Editor in 52.76 ms, found 1 plugins.
Preloading 0 native plugins for Editor in 0.00 ms.
Invoked RoslynAnalysisRunner static constructor.
RoslynAnalysisRunner will not be running.
RoslynAnalysisRunner has terminated.
Find all reader and writers took 189 milliseconds
Script Module: UnityEngine.UI.dll
Weave behaviours and messages took96 milliseconds
Find all reader and writers took 172 milliseconds
Script Module: UnityEngine.TestRunner.dll
Weave behaviours and messages took28 milliseconds
Find all reader and writers took 176 milliseconds
Script Module: Unity.Mathematics.dll
Weave behaviours and messages took199 milliseconds
Find all reader and writers took 148 milliseconds
Script Module: Unity.2D.Animation.Triangle.Runtime.dll
Weave behaviours and messages took38 milliseconds
Find all reader and writers took 179 milliseconds
Script Module: SimpleWebTransport.dll
Weave behaviours and messages took9 milliseconds
Find all reader and writers took 171 milliseconds
Script Module: Unity.Timeline.dll
Weave behaviours and messages took29 milliseconds
Find all reader and writers took 174 milliseconds
Script Module: Mirror.Examples.dll
[Projectile] NetworkBehaviourProcessor
[Tank] NetworkBehaviourProcessor
[NetworkRoomPlayer] NetworkBehaviourProcessor
[NetworkRoomPlayerExt] NetworkBehaviourProcessor
[PlayerController] NetworkBehaviourProcessor
[PlayerScore] NetworkBehaviourProcessor
[RandomColor] NetworkBehaviourProcessor
[Reward] NetworkBehaviourProcessor
[AddForce] NetworkBehaviourProcessor
[Ball] NetworkBehaviourProcessor
[Player] NetworkBehaviourProcessor
[MatchController] NetworkBehaviourProcessor
[PhysicsCollision] NetworkBehaviourProcessor
[PlayerController] NetworkBehaviourProcessor
[PlayerScore] NetworkBehaviourProcessor
[RandomColor] NetworkBehaviourProcessor
[Reward] NetworkBehaviourProcessor
[Player] NetworkBehaviourProcessor
[MonsterMovement] NetworkBehaviourProcessor
[PlayerMovement] NetworkBehaviourProcessor
[Player] NetworkBehaviourProcessor
[PlayerController] NetworkBehaviourProcessor
[RandomColor] NetworkBehaviourProcessor
[ShootingTankBehaviour] NetworkBehaviourProcessor
Weave behaviours and messages took40 milliseconds
  ProcessSitesModule Mirror.Examples.dll elapsed time:00:00:00.0109689
Find all reader and writers took 306 milliseconds
Script Module: Mirror.Components.dll
[NetworkAnimator] NetworkBehaviourProcessor
[NetworkRoomPlayer] NetworkBehaviourProcessor
[NetworkLobbyPlayer] NetworkBehaviourProcessor
[NetworkVisibility] NetworkBehaviourProcessor
[NetworkVisibility] Found NetworkBehaviour Mirror.NetworkVisibility
[NetworkVisibility] Process Start
[NetworkVisibility]   GenerateSerialization
[NetworkVisibility]   GenerateDeSerialization
[NetworkVisibility] Process Done
[NetworkMatchChecker] NetworkBehaviourProcessor
[NetworkVisibility] NetworkBehaviourProcessor
[NetworkProximityChecker] NetworkBehaviourProcessor
[NetworkRoomPlayer] NetworkBehaviourProcessor
[NetworkVisibility] NetworkBehaviourProcessor
[NetworkSceneChecker] NetworkBehaviourProcessor
[NetworkTransformBase] NetworkBehaviourProcessor
[NetworkTransform] NetworkBehaviourProcessor
[NetworkTransformBase] NetworkBehaviourProcessor
[NetworkTransformBase] NetworkBehaviourProcessor
[NetworkTransformChild] NetworkBehaviourProcessor
[NetworkLerpRigidbody] NetworkBehaviourProcessor
[NetworkRigidbody] NetworkBehaviourProcessor
[NetworkRigidbody2D] NetworkBehaviourProcessor
[NetworkTransformBase] NetworkBehaviourProcessor
[NetworkTransform] NetworkBehaviourProcessor
[NetworkTransformBase] NetworkBehaviourProcessor
[NetworkTransformBase] NetworkBehaviourProcessor
[NetworkTransformChild] NetworkBehaviourProcessor
Weave behaviours and messages took94 milliseconds
  ProcessSitesModule Mirror.Components.dll elapsed time:00:00:00.0039893
Find all reader and writers took 203 milliseconds
Script Module: Unity.TextMeshPro.dll
Weave behaviours and messages took124 milliseconds
Find all reader and writers took 858 milliseconds
Script Module: Unity.2D.Animation.Runtime.dll
Weave behaviours and messages took41 milliseconds
Find all reader and writers took 245 milliseconds
Script Module: Unity.2D.IK.Runtime.dll
Weave behaviours and messages took7 milliseconds
Find all reader and writers took 395 milliseconds
Script Module: Unity.2D.SpriteShape.Runtime.dll
Weave behaviours and messages took49 milliseconds
Find all reader and writers took 398 milliseconds
Script Module: Telepathy.dll
Weave behaviours and messages took7 milliseconds
Find all reader and writers took 259 milliseconds
Script Module: Mirror.Authenticators.dll
Weave behaviours and messages took31 milliseconds
  ProcessSitesModule Mirror.Authenticators.dll elapsed time:00:00:00.0009979
Find all reader and writers took 245 milliseconds
Script Module: Unity.2D.PixelPerfect.dll
Weave behaviours and messages took3 milliseconds
Find all reader and writers took 215 milliseconds
Script Module: Mirror.Examples.Cloud.GUI.dll
Weave behaviours and messages took25 milliseconds
Find all reader and writers took 260 milliseconds
Script Module: Mirror.Cloud.dll
Weave behaviours and messages took5 milliseconds
Find all reader and writers took 233 milliseconds
Script Module: kcp2k.dll
Weave behaviours and messages took6 milliseconds
Find all reader and writers took 254 milliseconds
Script Module: Assembly-CSharp.dll
[MatchManager] NetworkBehaviourProcessor
[Player] NetworkBehaviourProcessor
Weave behaviours and messages took19 milliseconds
  ProcessSitesModule Assembly-CSharp.dll elapsed time:00:00:00.0009963
